============================================================
Time  2019/12/13 23:17:50 247 
============================================================
[2019/12/13 23:17:50 247] tts        811  SYS_MSG_REGCB param0 =  msp_status_cb  param1 =  func(d408e4c0) 
[2019/12/13 23:17:50 251] config     43   use general cloud  
[2019/12/13 23:17:50 259] tts_cloud  1438 SYS_MSG_REGCB_CLOUD param0 =   msp_status_cb  param1 =  func(d408e4c0) 
[2019/12/13 23:17:50 260] tts        782  TTS_MSG_SSB  
[2019/12/13 23:17:50 260] tts        434  params =  engine_type = purextts,voice_name=xiaoyan, text_encoding = UTF8, tts_res_path = fo|res/xtts/xiaoyan.jet;fo|res/xtts/common.jet, sample_rate = 16000, speed = 50, volume = 50, pitch = 50, rdn = 2  
[2019/12/13 23:17:50 260] tts        273  auf=audio/L16;rate=16000  
[2019/12/13 23:17:50 260] tts        273  auf=audio/L16;rate=16000  
[2019/12/13 23:17:50 260] tts        499  ssb|use purextts  
[2019/12/13 23:17:50 260] tts        406  purextts_session_begin  
[2019/12/13 23:17:50 261] tts        416  audio_id=  6  
[2019/12/13 23:17:50 262] tts        789  TTS_MSG_SYN  0  
[2019/12/13 23:17:50 262] tts        532  synth|use purextts  
[2019/12/13 23:17:50 262] tts        792  TTS_MSG_GETAUDIO  0  
[2019/12/13 23:17:50 263] tts        638  get audio|use purextts  
[2019/12/13 23:17:50 263] tts        671  0  nil  1  52735222  
[2019/12/13 23:17:50 264] tts        792  TTS_MSG_GETAUDIO  0  
[2019/12/13 23:17:50 264] tts        638  get audio|use purextts  
[2019/12/13 23:17:50 264] tts        671  0  nil  1  52735223  
[2019/12/13 23:17:50 264] tts        792  TTS_MSG_GETAUDIO  0  
[2019/12/13 23:17:50 265] tts        638  get audio|use purextts  
[2019/12/13 23:17:50 265] tts        671  0  nil  1  52735224  
[2019/12/13 23:17:50 265] tts        792  TTS_MSG_GETAUDIO  0  
[2019/12/13 23:17:50 265] tts        638  get audio|use purextts  
[2019/12/13 23:17:50 266] tts        671  0  nil  1  52735225  
[2019/12/13 23:17:50 266] tts        338  TTS_PUREXTTS_CB_BEGIN  
[2019/12/13 23:17:50 266] tts        792  TTS_MSG_GETAUDIO  0  
[2019/12/13 23:17:50 266] tts        638  get audio|use purextts  
[2019/12/13 23:17:50 266] tts        671  0  nil  1  52735226  
[2019/12/13 23:17:50 267] tts        792  TTS_MSG_GETAUDIO  0  
[2019/12/13 23:17:50 267] tts        638  get audio|use purextts  
[2019/12/13 23:17:50 267] tts        671  0  nil  1  52735226  
[2019/12/13 23:17:50 267] tts        792  TTS_MSG_GETAUDIO  0  
[2019/12/13 23:17:50 267] tts        638  get audio|use purextts  
[2019/12/13 23:17:50 267] tts        671  0  nil  1  52735226  
[2019/12/13 23:17:50 267] tts        792  TTS_MSG_GETAUDIO  0  
[2019/12/13 23:17:50 267] tts        638  get audio|use purextts  
[2019/12/13 23:17:50 268] tts        671  0  nil  1  52735227  
[2019/12/13 23:17:50 268] tts        792  TTS_MSG_GETAUDIO  0  
[2019/12/13 23:17:50 268] tts        638  get audio|use purextts  
[2019/12/13 23:17:50 268] tts        671  0  nil  1  52735227  
[2019/12/13 23:17:50 269] tts        792  TTS_MSG_GETAUDIO  0  
[2019/12/13 23:17:50 269] tts        638  get audio|use purextts  
[2019/12/13 23:17:50 269] tts        671  0  nil  1  52735228  
[2019/12/13 23:17:50 270] tts        792  TTS_MSG_GETAUDIO  0  
[2019/12/13 23:17:50 270] tts        638  get audio|use purextts  
[2019/12/13 23:17:50 270] tts        671  0  nil  1  52735229  
[2019/12/13 23:17:50 270] tts        792  TTS_MSG_GETAUDIO  0  
[2019/12/13 23:17:50 270] tts        638  get audio|use purextts  
[2019/12/13 23:17:50 270] tts        671  0  nil  1  52735230  
[2019/12/13 23:17:50 270] tts        792  TTS_MSG_GETAUDIO  0  
[2019/12/13 23:17:50 271] tts        638  get audio|use purextts  
[2019/12/13 23:17:50 271] tts        671  0  nil  1  52735230  
[2019/12/13 23:17:50 271] tts        792  TTS_MSG_GETAUDIO  0  
[2019/12/13 23:17:50 271] tts        638  get audio|use purextts  
[2019/12/13 23:17:50 271] tts        671  0  nil  1  52735230  
[2019/12/13 23:17:50 271] tts        792  TTS_MSG_GETAUDIO  0  
[2019/12/13 23:17:50 271] tts        638  get audio|use purextts  
[2019/12/13 23:17:50 271] tts        671  0  nil  1  52735231  
[2019/12/13 23:17:50 271] tts        792  TTS_MSG_GETAUDIO  0  
[2019/12/13 23:17:50 271] tts        638  get audio|use purextts  
[2019/12/13 23:17:50 271] tts        671  0  nil  1  52735231  
[2019/12/13 23:17:50 272] tts        792  TTS_MSG_GETAUDIO  0  
[2019/12/13 23:17:50 272] tts        638  get audio|use purextts  
[2019/12/13 23:17:50 272] tts        671  0  nil  1  52735231  
[2019/12/13 23:17:50 272] tts        792  TTS_MSG_GETAUDIO  0  
[2019/12/13 23:17:50 272] tts        638  get audio|use purextts  
[2019/12/13 23:17:50 272] tts        671  0  nil  1  52735232  
[2019/12/13 23:17:50 272] tts        792  TTS_MSG_GETAUDIO  0  
[2019/12/13 23:17:50 273] tts        638  get audio|use purextts  
[2019/12/13 23:17:50 273] tts        671  0  nil  1  52735232  
[2019/12/13 23:17:50 273] tts        792  TTS_MSG_GETAUDIO  0  
[2019/12/13 23:17:50 273] tts        638  get audio|use purextts  
[2019/12/13 23:17:50 273] tts        671  0  nil  1  52735232  
[2019/12/13 23:17:50 273] tts        792  TTS_MSG_GETAUDIO  0  
[2019/12/13 23:17:50 273] tts        638  get audio|use purextts  
[2019/12/13 23:17:50 273] tts        671  0  nil  1  52735233  
[2019/12/13 23:17:50 273] tts        792  TTS_MSG_GETAUDIO  0  
[2019/12/13 23:17:50 273] tts        638  get audio|use purextts  
[2019/12/13 23:17:50 273] tts        671  0  nil  1  52735233  
[2019/12/13 23:17:50 274] tts        792  TTS_MSG_GETAUDIO  0  
[2019/12/13 23:17:50 274] tts        638  get audio|use purextts  
[2019/12/13 23:17:50 274] tts        671  0  nil  1  52735233  
[2019/12/13 23:17:50 274] tts        792  TTS_MSG_GETAUDIO  0  
[2019/12/13 23:17:50 274] tts        638  get audio|use purextts  
[2019/12/13 23:17:50 274] tts        671  0  nil  1  52735234  
[2019/12/13 23:17:50 274] tts        792  TTS_MSG_GETAUDIO  0  
[2019/12/13 23:17:50 274] tts        638  get audio|use purextts  
[2019/12/13 23:17:50 274] tts        671  0  nil  1  52735234  
[2019/12/13 23:17:50 275] tts        792  TTS_MSG_GETAUDIO  0  
[2019/12/13 23:17:50 275] tts        638  get audio|use purextts  
[2019/12/13 23:17:50 275] tts        671  0  nil  1  52735234  
[2019/12/13 23:17:50 275] tts        792  TTS_MSG_GETAUDIO  0  
[2019/12/13 23:17:50 275] tts        638  get audio|use purextts  
[2019/12/13 23:17:50 275] tts        671  0  nil  1  52735235  
[2019/12/13 23:17:50 275] tts        792  TTS_MSG_GETAUDIO  0  
[2019/12/13 23:17:50 275] tts        638  get audio|use purextts  
[2019/12/13 23:17:50 276] tts        671  0  nil  1  52735235  
[2019/12/13 23:17:50 276] tts        792  TTS_MSG_GETAUDIO  0  
[2019/12/13 23:17:50 276] tts        638  get audio|use purextts  
[2019/12/13 23:17:50 276] tts        671  0  nil  1  52735235  
[2019/12/13 23:17:50 276] tts        792  TTS_MSG_GETAUDIO  0  
[2019/12/13 23:17:50 276] tts        638  get audio|use purextts  
[2019/12/13 23:17:50 276] tts        671  0  nil  1  52735236  
[2019/12/13 23:17:50 276] tts        792  TTS_MSG_GETAUDIO  0  
[2019/12/13 23:17:50 277] tts        638  get audio|use purextts  
[2019/12/13 23:17:50 277] tts        671  0  nil  1  52735236  
[2019/12/13 23:17:50 277] tts        792  TTS_MSG_GETAUDIO  0  
[2019/12/13 23:17:50 277] tts        638  get audio|use purextts  
[2019/12/13 23:17:50 277] tts        671  0  nil  1  52735236  
[2019/12/13 23:17:50 277] tts        792  TTS_MSG_GETAUDIO  0  
[2019/12/13 23:17:50 277] tts        638  get audio|use purextts  
[2019/12/13 23:17:50 277] tts        671  0  nil  1  52735237  
[2019/12/13 23:17:50 277] tts        792  TTS_MSG_GETAUDIO  0  
[2019/12/13 23:17:50 277] tts        638  get audio|use purextts  
[2019/12/13 23:17:50 277] tts        671  0  nil  1  52735237  
[2019/12/13 23:17:50 278] tts        792  TTS_MSG_GETAUDIO  0  
[2019/12/13 23:17:50 278] tts        638  get audio|use purextts  
[2019/12/13 23:17:50 278] tts        671  0  nil  1  52735237  
[2019/12/13 23:17:50 278] tts        792  TTS_MSG_GETAUDIO  0  
[2019/12/13 23:17:50 278] tts        638  get audio|use purextts  
[2019/12/13 23:17:50 278] tts        671  0  nil  1  52735238  
[2019/12/13 23:17:50 278] tts        792  TTS_MSG_GETAUDIO  0  
[2019/12/13 23:17:50 278] tts        638  get audio|use purextts  
[2019/12/13 23:17:50 278] tts        671  0  nil  1  52735238  
[2019/12/13 23:17:50 279] tts        792  TTS_MSG_GETAUDIO  0  
[2019/12/13 23:17:50 279] tts        638  get audio|use purextts  
[2019/12/13 23:17:50 279] tts        671  0  nil  1  52735238  
[2019/12/13 23:17:50 279] tts        792  TTS_MSG_GETAUDIO  0  
[2019/12/13 23:17:50 279] tts        638  get audio|use purextts  
[2019/12/13 23:17:50 279] tts        671  0  nil  1  52735238  
[2019/12/13 23:17:50 279] tts        792  TTS_MSG_GETAUDIO  0  
[2019/12/13 23:17:50 279] tts        638  get audio|use purextts  
[2019/12/13 23:17:50 279] tts        671  0  nil  1  52735239  
[2019/12/13 23:17:50 279] tts        792  TTS_MSG_GETAUDIO  0  
[2019/12/13 23:17:50 280] tts        638  get audio|use purextts  
[2019/12/13 23:17:50 280] tts        671  0  nil  1  52735239  
[2019/12/13 23:17:50 280] tts        792  TTS_MSG_GETAUDIO  0  
[2019/12/13 23:17:50 280] tts        638  get audio|use purextts  
[2019/12/13 23:17:50 280] tts        671  0  nil  1  52735239  
[2019/12/13 23:17:50 280] tts        792  TTS_MSG_GETAUDIO  0  
[2019/12/13 23:17:50 280] tts        638  get audio|use purextts  
[2019/12/13 23:17:50 280] tts        671  0  nil  1  52735239  
[2019/12/13 23:17:50 280] tts        792  TTS_MSG_GETAUDIO  0  
[2019/12/13 23:17:50 280] tts        638  get audio|use purextts  
[2019/12/13 23:17:50 280] tts        671  0  nil  1  52735240  
[2019/12/13 23:17:50 281] tts        792  TTS_MSG_GETAUDIO  0  
[2019/12/13 23:17:50 281] tts        638  get audio|use purextts  
[2019/12/13 23:17:50 281] tts        671  0  nil  1  52735240  
[2019/12/13 23:17:50 281] tts        792  TTS_MSG_GETAUDIO  0  
[2019/12/13 23:17:50 281] tts        638  get audio|use purextts  
[2019/12/13 23:17:50 281] tts        671  0  nil  1  52735241  
[2019/12/13 23:17:50 281] tts        792  TTS_MSG_GETAUDIO  0  
[2019/12/13 23:17:50 282] tts        638  get audio|use purextts  
[2019/12/13 23:17:50 282] tts        671  0  nil  1  52735241  
[2019/12/13 23:17:50 282] tts        792  TTS_MSG_GETAUDIO  0  
[2019/12/13 23:17:50 282] tts        638  get audio|use purextts  
[2019/12/13 23:17:50 282] tts        671  0  nil  1  52735241  
[2019/12/13 23:17:50 282] tts        792  TTS_MSG_GETAUDIO  0  
[2019/12/13 23:17:50 282] tts        638  get audio|use purextts  
[2019/12/13 23:17:50 282] tts        671  0  nil  1  52735242  
[2019/12/13 23:17:50 283] tts        792  TTS_MSG_GETAUDIO  0  
[2019/12/13 23:17:50 283] tts        638  get audio|use purextts  
[2019/12/13 23:17:50 283] tts        671  0  nil  1  52735242  
[2019/12/13 23:17:50 283] tts        792  TTS_MSG_GETAUDIO  0  
[2019/12/13 23:17:50 283] tts        638  get audio|use purextts  
[2019/12/13 23:17:50 283] tts        671  0  nil  1  52735243  
[2019/12/13 23:17:50 284] tts        792  TTS_MSG_GETAUDIO  0  
[2019/12/13 23:17:50 284] tts        638  get audio|use purextts  
[2019/12/13 23:17:50 284] tts        671  0  nil  1  52735243  
[2019/12/13 23:17:50 285] tts        792  TTS_MSG_GETAUDIO  0  
[2019/12/13 23:17:50 285] tts        638  get audio|use purextts  
[2019/12/13 23:17:50 285] tts        671  0  nil  1  52735244  
[2019/12/13 23:17:50 285] tts        792  TTS_MSG_GETAUDIO  0  
[2019/12/13 23:17:50 285] tts        638  get audio|use purextts  
[2019/12/13 23:17:50 285] tts        671  0  nil  1  52735245  
[2019/12/13 23:17:50 285] tts        792  TTS_MSG_GETAUDIO  0  
[2019/12/13 23:17:50 286] tts        638  get audio|use purextts  
[2019/12/13 23:17:50 286] tts        671  0  nil  1  52735245  
[2019/12/13 23:17:50 286] tts        792  TTS_MSG_GETAUDIO  0  
[2019/12/13 23:17:50 286] tts        638  get audio|use purextts  
[2019/12/13 23:17:50 286] tts        671  0  nil  1  52735246  
[2019/12/13 23:17:50 286] tts        792  TTS_MSG_GETAUDIO  0  
[2019/12/13 23:17:50 286] tts        638  get audio|use purextts  
[2019/12/13 23:17:50 287] tts        671  0  nil  1  52735246  
[2019/12/13 23:17:50 287] tts        792  TTS_MSG_GETAUDIO  0  
[2019/12/13 23:17:50 287] tts        638  get audio|use purextts  
[2019/12/13 23:17:50 287] tts        671  0  nil  1  52735246  
[2019/12/13 23:17:50 287] tts        792  TTS_MSG_GETAUDIO  0  
[2019/12/13 23:17:50 287] tts        638  get audio|use purextts  
[2019/12/13 23:17:50 287] tts        671  0  nil  1  52735246  
[2019/12/13 23:17:50 287] tts        792  TTS_MSG_GETAUDIO  0  
[2019/12/13 23:17:50 287] tts        638  get audio|use purextts  
[2019/12/13 23:17:50 287] tts        671  0  nil  1  52735247  
[2019/12/13 23:17:50 287] tts        792  TTS_MSG_GETAUDIO  0  
[2019/12/13 23:17:50 287] tts        638  get audio|use purextts  
[2019/12/13 23:17:50 288] tts        671  0  nil  1  52735247  
[2019/12/13 23:17:50 288] tts        792  TTS_MSG_GETAUDIO  0  
[2019/12/13 23:17:50 288] tts        638  get audio|use purextts  
[2019/12/13 23:17:50 288] tts        671  0  nil  1  52735247  
[2019/12/13 23:17:50 288] tts        792  TTS_MSG_GETAUDIO  0  
[2019/12/13 23:17:50 288] tts        638  get audio|use purextts  
[2019/12/13 23:17:50 288] tts        671  0  nil  1  52735247  
[2019/12/13 23:17:50 288] tts        792  TTS_MSG_GETAUDIO  0  
[2019/12/13 23:17:50 288] tts        638  get audio|use purextts  
[2019/12/13 23:17:50 288] tts        671  0  nil  1  52735248  
[2019/12/13 23:17:50 288] tts        792  TTS_MSG_GETAUDIO  0  
[2019/12/13 23:17:50 288] tts        638  get audio|use purextts  
[2019/12/13 23:17:50 288] tts        671  0  nil  1  52735248  
[2019/12/13 23:17:50 289] tts        792  TTS_MSG_GETAUDIO  0  
[2019/12/13 23:17:50 289] tts        638  get audio|use purextts  
[2019/12/13 23:17:50 289] tts        671  0  nil  1  52735248  
[2019/12/13 23:17:50 289] tts        792  TTS_MSG_GETAUDIO  0  
[2019/12/13 23:17:50 289] tts        638  get audio|use purextts  
[2019/12/13 23:17:50 289] tts        671  0  nil  1  52735248  
[2019/12/13 23:17:50 289] tts        792  TTS_MSG_GETAUDIO  0  
[2019/12/13 23:17:50 289] tts        638  get audio|use purextts  
[2019/12/13 23:17:50 289] tts        671  0  nil  1  52735249  
[2019/12/13 23:17:50 290] tts        792  TTS_MSG_GETAUDIO  0  
[2019/12/13 23:17:50 290] tts        638  get audio|use purextts  
[2019/12/13 23:17:50 290] tts        671  0  nil  1  52735249  
[2019/12/13 23:17:50 290] tts        792  TTS_MSG_GETAUDIO  0  
[2019/12/13 23:17:50 290] tts        638  get audio|use purextts  
[2019/12/13 23:17:50 290] tts        671  0  nil  1  52735249  
[2019/12/13 23:17:50 290] tts        792  TTS_MSG_GETAUDIO  0  
[2019/12/13 23:17:50 290] tts        638  get audio|use purextts  
[2019/12/13 23:17:50 290] tts        671  0  nil  1  52735249  
[2019/12/13 23:17:50 290] tts        792  TTS_MSG_GETAUDIO  0  
[2019/12/13 23:17:50 290] tts        638  get audio|use purextts  
[2019/12/13 23:17:50 290] tts        671  0  nil  1  52735250  
[2019/12/13 23:17:50 290] tts        792  TTS_MSG_GETAUDIO  0  
[2019/12/13 23:17:50 290] tts        638  get audio|use purextts  
[2019/12/13 23:17:50 290] tts        671  0  nil  1  52735250  
[2019/12/13 23:17:50 291] tts        792  TTS_MSG_GETAUDIO  0  
[2019/12/13 23:17:50 291] tts        638  get audio|use purextts  
[2019/12/13 23:17:50 291] tts        671  0  nil  1  52735250  
[2019/12/13 23:17:50 291] tts        792  TTS_MSG_GETAUDIO  0  
[2019/12/13 23:17:50 291] tts        638  get audio|use purextts  
[2019/12/13 23:17:50 291] tts        671  0  nil  1  52735250  
[2019/12/13 23:17:50 291] tts        792  TTS_MSG_GETAUDIO  0  
[2019/12/13 23:17:50 291] tts        638  get audio|use purextts  
[2019/12/13 23:17:50 291] tts        671  0  nil  1  52735251  
[2019/12/13 23:17:50 291] tts        792  TTS_MSG_GETAUDIO  0  
[2019/12/13 23:17:50 291] tts        638  get audio|use purextts  
[2019/12/13 23:17:50 291] tts        671  0  nil  1  52735251  
[2019/12/13 23:17:50 292] tts        792  TTS_MSG_GETAUDIO  0  
[2019/12/13 23:17:50 292] tts        638  get audio|use purextts  
[2019/12/13 23:17:50 292] tts        671  0  nil  1  52735251  
[2019/12/13 23:17:50 292] tts        792  TTS_MSG_GETAUDIO  0  
[2019/12/13 23:17:50 292] tts        638  get audio|use purextts  
[2019/12/13 23:17:50 292] tts        671  0  nil  1  52735251  
[2019/12/13 23:17:50 292] tts        792  TTS_MSG_GETAUDIO  0  
[2019/12/13 23:17:50 292] tts        638  get audio|use purextts  
[2019/12/13 23:17:50 292] tts        671  0  nil  1  52735252  
[2019/12/13 23:17:50 292] tts        792  TTS_MSG_GETAUDIO  0  
[2019/12/13 23:17:50 292] tts        638  get audio|use purextts  
[2019/12/13 23:17:50 292] tts        671  0  nil  1  52735252  
[2019/12/13 23:17:50 293] tts        792  TTS_MSG_GETAUDIO  0  
[2019/12/13 23:17:50 293] tts        638  get audio|use purextts  
[2019/12/13 23:17:50 293] tts        671  0  nil  1  52735252  
[2019/12/13 23:17:50 293] tts        792  TTS_MSG_GETAUDIO  0  
[2019/12/13 23:17:50 293] tts        638  get audio|use purextts  
[2019/12/13 23:17:50 293] tts        671  0  nil  1  52735252  
[2019/12/13 23:17:50 293] tts        792  TTS_MSG_GETAUDIO  0  
[2019/12/13 23:17:50 293] tts        638  get audio|use purextts  
[2019/12/13 23:17:50 293] tts        671  0  nil  1  52735252  
[2019/12/13 23:17:50 293] tts        792  TTS_MSG_GETAUDIO  0  
[2019/12/13 23:17:50 293] tts        638  get audio|use purextts  
[2019/12/13 23:17:50 293] tts        671  0  nil  1  52735253  
[2019/12/13 23:17:50 293] tts        792  TTS_MSG_GETAUDIO  0  
[2019/12/13 23:17:50 293] tts        638  get audio|use purextts  
[2019/12/13 23:17:50 294] tts        671  0  nil  1  52735253  
[2019/12/13 23:17:50 294] tts        792  TTS_MSG_GETAUDIO  0  
[2019/12/13 23:17:50 294] tts        638  get audio|use purextts  
[2019/12/13 23:17:50 294] tts        671  0  nil  1  52735253  
[2019/12/13 23:17:50 294] tts        792  TTS_MSG_GETAUDIO  0  
[2019/12/13 23:17:50 294] tts        638  get audio|use purextts  
[2019/12/13 23:17:50 294] tts        671  0  nil  1  52735254  
[2019/12/13 23:17:50 295] tts        350  TTS_PUREXTTS_CB_OUTPUT  101  udata(d40062e8) 24  
[2019/12/13 23:17:50 295] tts        354  udata(d40062e8) 24  
[2019/12/13 23:17:50 295] tts        792  TTS_MSG_GETAUDIO  0  
[2019/12/13 23:17:50 295] tts        638  get audio|use purextts  
[2019/12/13 23:17:50 295] tts        649  960  
[2019/12/13 23:17:50 295] tts        653  local audiolen:  960  ,ced:  24  
[2019/12/13 23:17:50 295] tts        671  0  udata(d406b648) 1  52735254  
[2019/12/13 23:17:50 295] tts        350  TTS_PUREXTTS_CB_OUTPUT  101  udata(d406b858) 24  
[2019/12/13 23:17:50 295] tts        354  udata(d406b858) 24  
[2019/12/13 23:17:50 295] tts        792  TTS_MSG_GETAUDIO  0  
[2019/12/13 23:17:50 295] tts        638  get audio|use purextts  
[2019/12/13 23:17:50 296] tts        649  960  
[2019/12/13 23:17:50 296] tts        653  local audiolen:  960  ,ced:  24  
[2019/12/13 23:17:50 296] tts        671  0  udata(d406b8f8) 1  52735255  
[2019/12/13 23:17:50 296] tts        350  TTS_PUREXTTS_CB_OUTPUT  101  udata(d406b948) 24  
[2019/12/13 23:17:50 296] tts        354  udata(d406b948) 24  
[2019/12/13 23:17:50 296] tts        350  TTS_PUREXTTS_CB_OUTPUT  101  udata(d406ba48) 24  
[2019/12/13 23:17:50 296] tts        354  udata(d406ba48) 24  
[2019/12/13 23:17:50 296] tts        792  TTS_MSG_GETAUDIO  0  
[2019/12/13 23:17:50 296] tts        638  get audio|use purextts  
[2019/12/13 23:17:50 296] tts        649  960  
[2019/12/13 23:17:50 296] tts        653  local audiolen:  960  ,ced:  24  
[2019/12/13 23:17:50 296] tts        671  0  udata(d406bb98) 1  52735256  
[2019/12/13 23:17:50 296] tts        792  TTS_MSG_GETAUDIO  0  
[2019/12/13 23:17:50 296] tts        638  get audio|use purextts  
[2019/12/13 23:17:50 296] tts        649  960  
[2019/12/13 23:17:50 296] tts        653  local audiolen:  960  ,ced:  24  
[2019/12/13 23:17:50 297] tts        671  0  udata(d406bbe8) 1  52735256  
[2019/12/13 23:17:50 297] tts        792  TTS_MSG_GETAUDIO  0  
[2019/12/13 23:17:50 297] tts        638  get audio|use purextts  
[2019/12/13 23:17:50 297] tts        671  0  nil  1  52735256  
[2019/12/13 23:17:50 297] tts        792  TTS_MSG_GETAUDIO  0  
[2019/12/13 23:17:50 297] tts        638  get audio|use purextts  
[2019/12/13 23:17:50 297] tts        671  0  nil  1  52735256  
[2019/12/13 23:17:50 297] tts        792  TTS_MSG_GETAUDIO  0  
[2019/12/13 23:17:50 297] tts        638  get audio|use purextts  
[2019/12/13 23:17:50 297] tts        671  0  nil  1  52735256  
[2019/12/13 23:17:50 297] tts        792  TTS_MSG_GETAUDIO  0  
[2019/12/13 23:17:50 297] tts        638  get audio|use purextts  
[2019/12/13 23:17:50 297] tts        671  0  nil  1  52735257  
[2019/12/13 23:17:50 297] tts        792  TTS_MSG_GETAUDIO  0  
[2019/12/13 23:17:50 297] tts        638  get audio|use purextts  
[2019/12/13 23:17:50 298] tts        671  0  nil  1  52735257  
[2019/12/13 23:17:50 298] tts        792  TTS_MSG_GETAUDIO  0  
[2019/12/13 23:17:50 298] tts        638  get audio|use purextts  
[2019/12/13 23:17:50 298] tts        671  0  nil  1  52735257  
[2019/12/13 23:17:50 298] tts        792  TTS_MSG_GETAUDIO  0  
[2019/12/13 23:17:50 298] tts        638  get audio|use purextts  
[2019/12/13 23:17:50 298] tts        671  0  nil  1  52735257  
[2019/12/13 23:17:50 298] tts        792  TTS_MSG_GETAUDIO  0  
[2019/12/13 23:17:50 298] tts        638  get audio|use purextts  
[2019/12/13 23:17:50 298] tts        671  0  nil  1  52735257  
[2019/12/13 23:17:50 298] tts        792  TTS_MSG_GETAUDIO  0  
[2019/12/13 23:17:50 298] tts        638  get audio|use purextts  
[2019/12/13 23:17:50 298] tts        671  0  nil  1  52735258  
[2019/12/13 23:17:50 298] tts        792  TTS_MSG_GETAUDIO  0  
[2019/12/13 23:17:50 298] tts        638  get audio|use purextts  
[2019/12/13 23:17:50 298] tts        671  0  nil  1  52735258  
[2019/12/13 23:17:50 299] tts        792  TTS_MSG_GETAUDIO  0  
[2019/12/13 23:17:50 299] tts        638  get audio|use purextts  
[2019/12/13 23:17:50 299] tts        671  0  nil  1  52735258  
[2019/12/13 23:17:50 299] tts        792  TTS_MSG_GETAUDIO  0  
[2019/12/13 23:17:50 299] tts        638  get audio|use purextts  
[2019/12/13 23:17:50 299] tts        671  0  nil  1  52735258  
[2019/12/13 23:17:50 299] tts        792  TTS_MSG_GETAUDIO  0  
[2019/12/13 23:17:50 299] tts        638  get audio|use purextts  
[2019/12/13 23:17:50 299] tts        671  0  nil  1  52735258  
[2019/12/13 23:17:50 299] tts        792  TTS_MSG_GETAUDIO  0  
[2019/12/13 23:17:50 299] tts        638  get audio|use purextts  
[2019/12/13 23:17:50 299] tts        671  0  nil  1  52735259  
[2019/12/13 23:17:50 299] tts        792  TTS_MSG_GETAUDIO  0  
[2019/12/13 23:17:50 299] tts        638  get audio|use purextts  
[2019/12/13 23:17:50 299] tts        671  0  nil  1  52735259  
[2019/12/13 23:17:50 300] tts        792  TTS_MSG_GETAUDIO  0  
[2019/12/13 23:17:50 300] tts        638  get audio|use purextts  
[2019/12/13 23:17:50 300] tts        671  0  nil  1  52735259  
[2019/12/13 23:17:50 300] tts        792  TTS_MSG_GETAUDIO  0  
[2019/12/13 23:17:50 300] tts        638  get audio|use purextts  
[2019/12/13 23:17:50 300] tts        671  0  nil  1  52735259  
[2019/12/13 23:17:50 300] tts        792  TTS_MSG_GETAUDIO  0  
[2019/12/13 23:17:50 300] tts        638  get audio|use purextts  
[2019/12/13 23:17:50 300] tts        671  0  nil  1  52735259  
[2019/12/13 23:17:50 300] tts        792  TTS_MSG_GETAUDIO  0  
[2019/12/13 23:17:50 300] tts        638  get audio|use purextts  
[2019/12/13 23:17:50 300] tts        671  0  nil  1  52735260  
[2019/12/13 23:17:50 300] tts        792  TTS_MSG_GETAUDIO  0  
[2019/12/13 23:17:50 300] tts        638  get audio|use purextts  
[2019/12/13 23:17:50 300] tts        671  0  nil  1  52735260  
[2019/12/13 23:17:50 301] tts        792  TTS_MSG_GETAUDIO  0  
[2019/12/13 23:17:50 301] tts        638  get audio|use purextts  
[2019/12/13 23:17:50 301] tts        671  0  nil  1  52735260  
[2019/12/13 23:17:50 301] tts        792  TTS_MSG_GETAUDIO  0  
[2019/12/13 23:17:50 301] tts        638  get audio|use purextts  
[2019/12/13 23:17:50 301] tts        671  0  nil  1  52735260  
[2019/12/13 23:17:50 301] tts        792  TTS_MSG_GETAUDIO  0  
[2019/12/13 23:17:50 301] tts        638  get audio|use purextts  
[2019/12/13 23:17:50 301] tts        671  0  nil  1  52735260  
[2019/12/13 23:17:50 301] tts        792  TTS_MSG_GETAUDIO  0  
[2019/12/13 23:17:50 301] tts        638  get audio|use purextts  
[2019/12/13 23:17:50 301] tts        671  0  nil  1  52735260  
[2019/12/13 23:17:50 301] tts        792  TTS_MSG_GETAUDIO  0  
[2019/12/13 23:17:50 301] tts        638  get audio|use purextts  
[2019/12/13 23:17:50 301] tts        671  0  nil  1  52735261  
[2019/12/13 23:17:50 301] tts        792  TTS_MSG_GETAUDIO  0  
[2019/12/13 23:17:50 301] tts        638  get audio|use purextts  
[2019/12/13 23:17:50 301] tts        671  0  nil  1  52735261  
[2019/12/13 23:17:50 302] tts        792  TTS_MSG_GETAUDIO  0  
[2019/12/13 23:17:50 302] tts        638  get audio|use purextts  
[2019/12/13 23:17:50 302] tts        671  0  nil  1  52735261  
[2019/12/13 23:17:50 302] tts        792  TTS_MSG_GETAUDIO  0  
[2019/12/13 23:17:50 302] tts        638  get audio|use purextts  
[2019/12/13 23:17:50 302] tts        671  0  nil  1  52735261  
[2019/12/13 23:17:50 302] tts        792  TTS_MSG_GETAUDIO  0  
[2019/12/13 23:17:50 302] tts        638  get audio|use purextts  
[2019/12/13 23:17:50 302] tts        671  0  nil  1  52735261  
[2019/12/13 23:17:50 302] tts        792  TTS_MSG_GETAUDIO  0  
[2019/12/13 23:17:50 302] tts        638  get audio|use purextts  
[2019/12/13 23:17:50 302] tts        671  0  nil  1  52735262  
[2019/12/13 23:17:50 302] tts        792  TTS_MSG_GETAUDIO  0  
[2019/12/13 23:17:50 302] tts        638  get audio|use purextts  
[2019/12/13 23:17:50 302] tts        671  0  nil  1  52735262  
[2019/12/13 23:17:50 302] tts        792  TTS_MSG_GETAUDIO  0  
[2019/12/13 23:17:50 303] tts        638  get audio|use purextts  
[2019/12/13 23:17:50 303] tts        671  0  nil  1  52735262  
[2019/12/13 23:17:50 303] tts        792  TTS_MSG_GETAUDIO  0  
[2019/12/13 23:17:50 303] tts        638  get audio|use purextts  
[2019/12/13 23:17:50 303] tts        671  0  nil  1  52735262  
[2019/12/13 23:17:50 303] tts        792  TTS_MSG_GETAUDIO  0  
[2019/12/13 23:17:50 303] tts        638  get audio|use purextts  
[2019/12/13 23:17:50 303] tts        671  0  nil  1  52735262  
[2019/12/13 23:17:50 303] tts        792  TTS_MSG_GETAUDIO  0  
[2019/12/13 23:17:50 303] tts        638  get audio|use purextts  
[2019/12/13 23:17:50 303] tts        671  0  nil  1  52735262  
[2019/12/13 23:17:50 303] tts        792  TTS_MSG_GETAUDIO  0  
[2019/12/13 23:17:50 303] tts        638  get audio|use purextts  
[2019/12/13 23:17:50 303] tts        671  0  nil  1  52735263  
[2019/12/13 23:17:50 303] tts        792  TTS_MSG_GETAUDIO  0  
[2019/12/13 23:17:50 303] tts        638  get audio|use purextts  
[2019/12/13 23:17:50 303] tts        671  0  nil  1  52735263  
[2019/12/13 23:17:50 304] tts        792  TTS_MSG_GETAUDIO  0  
[2019/12/13 23:17:50 304] tts        638  get audio|use purextts  
[2019/12/13 23:17:50 304] tts        671  0  nil  1  52735263  
[2019/12/13 23:17:50 304] tts        792  TTS_MSG_GETAUDIO  0  
[2019/12/13 23:17:50 304] tts        638  get audio|use purextts  
[2019/12/13 23:17:50 304] tts        671  0  nil  1  52735263  
[2019/12/13 23:17:50 304] tts        792  TTS_MSG_GETAUDIO  0  
[2019/12/13 23:17:50 304] tts        638  get audio|use purextts  
[2019/12/13 23:17:50 304] tts        671  0  nil  1  52735263  
[2019/12/13 23:17:50 304] tts        792  TTS_MSG_GETAUDIO  0  
[2019/12/13 23:17:50 304] tts        638  get audio|use purextts  
[2019/12/13 23:17:50 304] tts        671  0  nil  1  52735264  
[2019/12/13 23:17:50 304] tts        792  TTS_MSG_GETAUDIO  0  
[2019/12/13 23:17:50 304] tts        638  get audio|use purextts  
[2019/12/13 23:17:50 305] tts        671  0  nil  1  52735264  
[2019/12/13 23:17:50 305] tts        350  TTS_PUREXTTS_CB_OUTPUT  101  udata(d406bc38) 24  
[2019/12/13 23:17:50 305] tts        354  udata(d406bc38) 24  
[2019/12/13 23:17:50 305] tts        792  TTS_MSG_GETAUDIO  0  
[2019/12/13 23:17:50 305] tts        638  get audio|use purextts  
[2019/12/13 23:17:50 305] tts        649  926  
[2019/12/13 23:17:50 305] tts        653  local audiolen:  926  ,ced:  24  
[2019/12/13 23:17:50 305] tts        671  0  udata(d406bd38) 1  52735265  
[2019/12/13 23:17:50 306] tts        350  TTS_PUREXTTS_CB_OUTPUT  101  udata(d406bd88) 24  
[2019/12/13 23:17:50 306] tts        354  udata(d406bd88) 24  
[2019/12/13 23:17:50 306] tts        350  TTS_PUREXTTS_CB_OUTPUT  101  udata(d406bb48) 24  
[2019/12/13 23:17:50 306] tts        354  udata(d406bb48) 24  
[2019/12/13 23:17:50 306] tts        792  TTS_MSG_GETAUDIO  0  
[2019/12/13 23:17:50 306] tts        638  get audio|use purextts  
[2019/12/13 23:17:50 306] tts        649  958  
[2019/12/13 23:17:50 306] tts        653  local audiolen:  958  ,ced:  24  
[2019/12/13 23:17:50 306] tts        671  0  udata(d406bfc8) 1  52735266  
[2019/12/13 23:17:50 306] tts        350  TTS_PUREXTTS_CB_OUTPUT  101  udata(d406c018) 24  
[2019/12/13 23:17:50 306] tts        354  udata(d406c018) 24  
[2019/12/13 23:17:50 307] tts        350  TTS_PUREXTTS_CB_OUTPUT  101  udata(d406c118) 24  
[2019/12/13 23:17:50 307] tts        354  udata(d406c118) 24  
[2019/12/13 23:17:50 307] tts        792  TTS_MSG_GETAUDIO  0  
[2019/12/13 23:17:50 307] tts        638  get audio|use purextts  
[2019/12/13 23:17:50 307] tts        649  980  
[2019/12/13 23:17:50 307] tts        653  local audiolen:  980  ,ced:  24  
[2019/12/13 23:17:50 307] tts        671  0  udata(d406c218) 1  52735266  
[2019/12/13 23:17:50 307] tts        350  TTS_PUREXTTS_CB_OUTPUT  101  udata(d406c268) 24  
[2019/12/13 23:17:50 307] tts        354  udata(d406c268) 24  
[2019/12/13 23:17:50 307] tts        350  TTS_PUREXTTS_CB_OUTPUT  101  udata(d4008fb8) 24  
[2019/12/13 23:17:50 307] tts        354  udata(d4008fb8) 24  
[2019/12/13 23:17:50 307] tts        792  TTS_MSG_GETAUDIO  0  
[2019/12/13 23:17:50 308] tts        638  get audio|use purextts  
[2019/12/13 23:17:50 308] tts        649  968  
[2019/12/13 23:17:50 308] tts        653  local audiolen:  968  ,ced:  24  
[2019/12/13 23:17:50 308] tts        671  0  udata(d4009058) 1  52735267  
[2019/12/13 23:17:50 308] tts        350  TTS_PUREXTTS_CB_OUTPUT  101  udata(d40090a8) 24  
[2019/12/13 23:17:50 308] tts        354  udata(d40090a8) 24  
[2019/12/13 23:17:50 308] tts        350  TTS_PUREXTTS_CB_OUTPUT  101  udata(d40091a8) 24  
[2019/12/13 23:17:50 308] tts        354  udata(d40091a8) 24  
[2019/12/13 23:17:50 308] tts        350  TTS_PUREXTTS_CB_OUTPUT  101  udata(d40092a8) 24  
[2019/12/13 23:17:50 308] tts        354  udata(d40092a8) 24  
[2019/12/13 23:17:50 309] tts        350  TTS_PUREXTTS_CB_OUTPUT  101  udata(d40093a8) 24  
[2019/12/13 23:17:50 309] tts        354  udata(d40093a8) 24  
[2019/12/13 23:17:50 309] tts        792  TTS_MSG_GETAUDIO  0  
[2019/12/13 23:17:50 309] tts        638  get audio|use purextts  
[2019/12/13 23:17:50 309] tts        649  932  
[2019/12/13 23:17:50 309] tts        653  local audiolen:  932  ,ced:  24  
[2019/12/13 23:17:50 309] tts        671  0  udata(d40094a8) 1  52735268  
[2019/12/13 23:17:50 309] tts        792  TTS_MSG_GETAUDIO  0  
[2019/12/13 23:17:50 309] tts        638  get audio|use purextts  
[2019/12/13 23:17:50 309] tts        649  976  
[2019/12/13 23:17:50 309] tts        653  local audiolen:  976  ,ced:  24  
[2019/12/13 23:17:50 309] tts        671  0  udata(d40094f8) 1  52735268  
[2019/12/13 23:17:50 309] tts        792  TTS_MSG_GETAUDIO  0  
[2019/12/13 23:17:50 309] tts        638  get audio|use purextts  
[2019/12/13 23:17:50 309] tts        649  966  
[2019/12/13 23:17:50 309] tts        653  local audiolen:  966  ,ced:  24  
[2019/12/13 23:17:50 309] tts        671  0  udata(d4009548) 1  52735269  
[2019/12/13 23:17:50 309] tts        792  TTS_MSG_GETAUDIO  0  
[2019/12/13 23:17:50 309] tts        638  get audio|use purextts  
[2019/12/13 23:17:50 309] tts        649  1014  
[2019/12/13 23:17:50 309] tts        653  local audiolen:  1014  ,ced:  24  
[2019/12/13 23:17:50 309] tts        671  0  udata(d4009598) 1  52735269  
[2019/12/13 23:17:50 310] tts        792  TTS_MSG_GETAUDIO  0  
[2019/12/13 23:17:50 310] tts        638  get audio|use purextts  
[2019/12/13 23:17:50 310] tts        649  1016  
[2019/12/13 23:17:50 310] tts        653  local audiolen:  1016  ,ced:  24  
[2019/12/13 23:17:50 310] tts        671  0  udata(d40095e8) 1  52735269  
[2019/12/13 23:17:50 310] tts        792  TTS_MSG_GETAUDIO  0  
[2019/12/13 23:17:50 310] tts        638  get audio|use purextts  
[2019/12/13 23:17:50 310] tts        649  960  
[2019/12/13 23:17:50 310] tts        653  local audiolen:  960  ,ced:  24  
[2019/12/13 23:17:50 310] tts        671  0  udata(d4009638) 1  52735269  
[2019/12/13 23:17:50 310] tts        792  TTS_MSG_GETAUDIO  0  
[2019/12/13 23:17:50 310] tts        638  get audio|use purextts  
[2019/12/13 23:17:50 310] tts        649  992  
[2019/12/13 23:17:50 310] tts        653  local audiolen:  992  ,ced:  24  
[2019/12/13 23:17:50 310] tts        671  0  udata(d4009688) 1  52735270  
[2019/12/13 23:17:50 310] tts        792  TTS_MSG_GETAUDIO  0  
[2019/12/13 23:17:50 310] tts        638  get audio|use purextts  
[2019/12/13 23:17:50 310] tts        671  0  nil  1  52735270  
[2019/12/13 23:17:50 310] tts        792  TTS_MSG_GETAUDIO  0  
[2019/12/13 23:17:50 311] tts        638  get audio|use purextts  
[2019/12/13 23:17:50 311] tts        671  0  nil  1  52735270  
[2019/12/13 23:17:50 311] tts        792  TTS_MSG_GETAUDIO  0  
[2019/12/13 23:17:50 311] tts        638  get audio|use purextts  
[2019/12/13 23:17:50 311] tts        671  0  nil  1  52735270  
[2019/12/13 23:17:50 311] tts        350  TTS_PUREXTTS_CB_OUTPUT  101  udata(d40096d8) 24  
[2019/12/13 23:17:50 311] tts        354  udata(d40096d8) 24  
[2019/12/13 23:17:50 311] tts        350  TTS_PUREXTTS_CB_OUTPUT  101  udata(d4009778) 24  
[2019/12/13 23:17:50 311] tts        354  udata(d4009778) 24  
[2019/12/13 23:17:50 312] tts        792  TTS_MSG_GETAUDIO  0  
[2019/12/13 23:17:50 312] tts        638  get audio|use purextts  
[2019/12/13 23:17:50 312] tts        649  922  
[2019/12/13 23:17:50 312] tts        653  local audiolen:  922  ,ced:  24  
[2019/12/13 23:17:50 312] tts        671  0  udata(d40098d8) 1  52735271  
[2019/12/13 23:17:50 312] tts        350  TTS_PUREXTTS_CB_OUTPUT  101  udata(d4009928) 24  
[2019/12/13 23:17:50 312] tts        354  udata(d4009928) 24  
[2019/12/13 23:17:50 312] tts        792  TTS_MSG_GETAUDIO  0  
[2019/12/13 23:17:50 312] tts        638  get audio|use purextts  
[2019/12/13 23:17:50 312] tts        649  960  
[2019/12/13 23:17:50 312] tts        653  local audiolen:  960  ,ced:  24  
[2019/12/13 23:17:50 312] tts        671  0  udata(d4009c38) 1  52735271  
[2019/12/13 23:17:50 312] tts        792  TTS_MSG_GETAUDIO  0  
[2019/12/13 23:17:50 312] tts        638  get audio|use purextts  
[2019/12/13 23:17:50 312] tts        649  960  
[2019/12/13 23:17:50 312] tts        653  local audiolen:  960  ,ced:  24  
[2019/12/13 23:17:50 312] tts        671  0  udata(d4009c88) 1  52735272  
[2019/12/13 23:17:50 312] tts        792  TTS_MSG_GETAUDIO  0  
[2019/12/13 23:17:50 312] tts        638  get audio|use purextts  
[2019/12/13 23:17:50 312] tts        671  0  nil  1  52735272  
[2019/12/13 23:17:50 313] tts        792  TTS_MSG_GETAUDIO  0  
[2019/12/13 23:17:50 313] tts        638  get audio|use purextts  
[2019/12/13 23:17:50 313] tts        671  0  nil  1  52735272  
[2019/12/13 23:17:50 313] tts        792  TTS_MSG_GETAUDIO  0  
[2019/12/13 23:17:50 313] tts        638  get audio|use purextts  
[2019/12/13 23:17:50 313] tts        671  0  nil  1  52735272  
[2019/12/13 23:17:50 313] tts        792  TTS_MSG_GETAUDIO  0  
[2019/12/13 23:17:50 313] tts        638  get audio|use purextts  
[2019/12/13 23:17:50 313] tts        671  0  nil  1  52735272  
[2019/12/13 23:17:50 313] tts        792  TTS_MSG_GETAUDIO  0  
[2019/12/13 23:17:50 313] tts        638  get audio|use purextts  
[2019/12/13 23:17:50 313] tts        671  0  nil  1  52735273  
[2019/12/13 23:17:50 313] tts        792  TTS_MSG_GETAUDIO  0  
[2019/12/13 23:17:50 313] tts        638  get audio|use purextts  
[2019/12/13 23:17:50 313] tts        671  0  nil  1  52735273  
[2019/12/13 23:17:50 313] tts        792  TTS_MSG_GETAUDIO  0  
[2019/12/13 23:17:50 313] tts        638  get audio|use purextts  
[2019/12/13 23:17:50 313] tts        671  0  nil  1  52735273  
[2019/12/13 23:17:50 314] tts        792  TTS_MSG_GETAUDIO  0  
[2019/12/13 23:17:50 314] tts        638  get audio|use purextts  
[2019/12/13 23:17:50 314] tts        671  0  nil  1  52735273  
[2019/12/13 23:17:50 314] tts        792  TTS_MSG_GETAUDIO  0  
[2019/12/13 23:17:50 314] tts        638  get audio|use purextts  
[2019/12/13 23:17:50 314] tts        671  0  nil  1  52735273  
[2019/12/13 23:17:50 314] tts        792  TTS_MSG_GETAUDIO  0  
[2019/12/13 23:17:50 314] tts        638  get audio|use purextts  
[2019/12/13 23:17:50 314] tts        671  0  nil  1  52735273  
[2019/12/13 23:17:50 314] tts        792  TTS_MSG_GETAUDIO  0  
[2019/12/13 23:17:50 314] tts        638  get audio|use purextts  
[2019/12/13 23:17:50 314] tts        671  0  nil  1  52735274  
[2019/12/13 23:17:50 314] tts        792  TTS_MSG_GETAUDIO  0  
[2019/12/13 23:17:50 314] tts        638  get audio|use purextts  
[2019/12/13 23:17:50 314] tts        671  0  nil  1  52735274  
[2019/12/13 23:17:50 314] tts        792  TTS_MSG_GETAUDIO  0  
[2019/12/13 23:17:50 314] tts        638  get audio|use purextts  
[2019/12/13 23:17:50 314] tts        671  0  nil  1  52735274  
[2019/12/13 23:17:50 315] tts        792  TTS_MSG_GETAUDIO  0  
[2019/12/13 23:17:50 315] tts        638  get audio|use purextts  
[2019/12/13 23:17:50 315] tts        671  0  nil  1  52735274  
[2019/12/13 23:17:50 315] tts        792  TTS_MSG_GETAUDIO  0  
[2019/12/13 23:17:50 315] tts        638  get audio|use purextts  
[2019/12/13 23:17:50 315] tts        671  0  nil  1  52735274  
[2019/12/13 23:17:50 315] tts        792  TTS_MSG_GETAUDIO  0  
[2019/12/13 23:17:50 315] tts        638  get audio|use purextts  
[2019/12/13 23:17:50 315] tts        671  0  nil  1  52735274  
[2019/12/13 23:17:50 315] tts        792  TTS_MSG_GETAUDIO  0  
[2019/12/13 23:17:50 315] tts        638  get audio|use purextts  
[2019/12/13 23:17:50 315] tts        671  0  nil  1  52735275  
[2019/12/13 23:17:50 315] tts        792  TTS_MSG_GETAUDIO  0  
[2019/12/13 23:17:50 315] tts        638  get audio|use purextts  
[2019/12/13 23:17:50 315] tts        671  0  nil  1  52735275  
[2019/12/13 23:17:50 315] tts        792  TTS_MSG_GETAUDIO  0  
[2019/12/13 23:17:50 316] tts        638  get audio|use purextts  
[2019/12/13 23:17:50 316] tts        671  0  nil  1  52735275  
[2019/12/13 23:17:50 316] tts        792  TTS_MSG_GETAUDIO  0  
[2019/12/13 23:17:50 316] tts        638  get audio|use purextts  
[2019/12/13 23:17:50 316] tts        671  0  nil  1  52735275  
[2019/12/13 23:17:50 316] tts        350  TTS_PUREXTTS_CB_OUTPUT  101  udata(d4009cd8) 24  
[2019/12/13 23:17:50 316] tts        354  udata(d4009cd8) 24  
[2019/12/13 23:17:50 316] tts        792  TTS_MSG_GETAUDIO  0  
[2019/12/13 23:17:50 316] tts        638  get audio|use purextts  
[2019/12/13 23:17:50 316] tts        649  978  
[2019/12/13 23:17:50 316] tts        653  local audiolen:  978  ,ced:  24  
[2019/12/13 23:17:50 316] tts        671  0  udata(d4009dd8) 1  52735276  
[2019/12/13 23:17:50 317] tts        350  TTS_PUREXTTS_CB_OUTPUT  101  udata(d4009e28) 24  
[2019/12/13 23:17:50 317] tts        354  udata(d4009e28) 24  
[2019/12/13 23:17:50 317] tts        792  TTS_MSG_GETAUDIO  0  
[2019/12/13 23:17:50 317] tts        638  get audio|use purextts  
[2019/12/13 23:17:50 317] tts        649  996  
[2019/12/13 23:17:50 317] tts        653  local audiolen:  996  ,ced:  24  
[2019/12/13 23:17:50 317] tts        671  0  udata(d4009f28) 1  52735276  
[2019/12/13 23:17:50 317] tts        350  TTS_PUREXTTS_CB_OUTPUT  101  udata(d4009f78) 24  
[2019/12/13 23:17:50 317] tts        354  udata(d4009f78) 24  
[2019/12/13 23:17:50 317] tts        350  TTS_PUREXTTS_CB_OUTPUT  101  udata(d400a078) 24  
[2019/12/13 23:17:50 317] tts        354  udata(d400a078) 24  
[2019/12/13 23:17:50 317] tts        792  TTS_MSG_GETAUDIO  0  
[2019/12/13 23:17:50 317] tts        638  get audio|use purextts  
[2019/12/13 23:17:50 317] tts        649  1008  
[2019/12/13 23:17:50 317] tts        653  local audiolen:  1008  ,ced:  24  
[2019/12/13 23:17:50 317] tts        671  0  udata(d400a178) 1  52735277  
[2019/12/13 23:17:50 318] tts        792  TTS_MSG_GETAUDIO  0  
[2019/12/13 23:17:50 318] tts        638  get audio|use purextts  
[2019/12/13 23:17:50 318] tts        649  1002  
[2019/12/13 23:17:50 318] tts        653  local audiolen:  1002  ,ced:  24  
[2019/12/13 23:17:50 318] tts        671  0  udata(d400a1c8) 1  52735277  
[2019/12/13 23:17:50 318] tts        350  TTS_PUREXTTS_CB_OUTPUT  101  udata(d400a218) 24  
[2019/12/13 23:17:50 318] tts        354  udata(d400a218) 24  
[2019/12/13 23:17:50 318] tts        792  TTS_MSG_GETAUDIO  0  
[2019/12/13 23:17:50 318] tts        638  get audio|use purextts  
[2019/12/13 23:17:50 318] tts        649  842  
[2019/12/13 23:17:50 318] tts        653  local audiolen:  842  ,ced:  24  
[2019/12/13 23:17:50 318] tts        671  0  udata(d400a318) 1  52735278  
[2019/12/13 23:17:50 318] tts        792  TTS_MSG_GETAUDIO  0  
[2019/12/13 23:17:50 318] tts        638  get audio|use purextts  
[2019/12/13 23:17:50 318] tts        671  0  nil  1  52735278  
[2019/12/13 23:17:50 318] tts        792  TTS_MSG_GETAUDIO  0  
[2019/12/13 23:17:50 319] tts        638  get audio|use purextts  
[2019/12/13 23:17:50 319] tts        671  0  nil  1  52735278  
[2019/12/13 23:17:50 319] tts        792  TTS_MSG_GETAUDIO  0  
[2019/12/13 23:17:50 319] tts        638  get audio|use purextts  
[2019/12/13 23:17:50 319] tts        671  0  nil  1  52735278  
[2019/12/13 23:17:50 319] tts        792  TTS_MSG_GETAUDIO  0  
[2019/12/13 23:17:50 319] tts        638  get audio|use purextts  
[2019/12/13 23:17:50 319] tts        671  0  nil  1  52735278  
[2019/12/13 23:17:50 319] tts        792  TTS_MSG_GETAUDIO  0  
[2019/12/13 23:17:50 319] tts        638  get audio|use purextts  
[2019/12/13 23:17:50 319] tts        671  0  nil  1  52735278  
[2019/12/13 23:17:50 319] tts        792  TTS_MSG_GETAUDIO  0  
[2019/12/13 23:17:50 319] tts        638  get audio|use purextts  
[2019/12/13 23:17:50 319] tts        671  0  nil  1  52735279  
[2019/12/13 23:17:50 319] tts        792  TTS_MSG_GETAUDIO  0  
[2019/12/13 23:17:50 319] tts        638  get audio|use purextts  
[2019/12/13 23:17:50 319] tts        671  0  nil  1  52735279  
[2019/12/13 23:17:50 320] tts        792  TTS_MSG_GETAUDIO  0  
[2019/12/13 23:17:50 320] tts        638  get audio|use purextts  
[2019/12/13 23:17:50 320] tts        671  0  nil  1  52735279  
[2019/12/13 23:17:50 320] tts        792  TTS_MSG_GETAUDIO  0  
[2019/12/13 23:17:50 320] tts        638  get audio|use purextts  
[2019/12/13 23:17:50 320] tts        671  0  nil  1  52735279  
[2019/12/13 23:17:50 320] tts        792  TTS_MSG_GETAUDIO  0  
[2019/12/13 23:17:50 320] tts        638  get audio|use purextts  
[2019/12/13 23:17:50 320] tts        671  0  nil  1  52735279  
[2019/12/13 23:17:50 320] tts        792  TTS_MSG_GETAUDIO  0  
[2019/12/13 23:17:50 320] tts        638  get audio|use purextts  
[2019/12/13 23:17:50 320] tts        671  0  nil  1  52735280  
[2019/12/13 23:17:50 320] tts        792  TTS_MSG_GETAUDIO  0  
[2019/12/13 23:17:50 320] tts        638  get audio|use purextts  
[2019/12/13 23:17:50 320] tts        671  0  nil  1  52735280  
[2019/12/13 23:17:50 320] tts        792  TTS_MSG_GETAUDIO  0  
[2019/12/13 23:17:50 320] tts        638  get audio|use purextts  
[2019/12/13 23:17:50 321] tts        671  0  nil  1  52735280  
[2019/12/13 23:17:50 321] tts        792  TTS_MSG_GETAUDIO  0  
[2019/12/13 23:17:50 321] tts        638  get audio|use purextts  
[2019/12/13 23:17:50 321] tts        671  0  nil  1  52735280  
[2019/12/13 23:17:50 321] tts        792  TTS_MSG_GETAUDIO  0  
[2019/12/13 23:17:50 321] tts        638  get audio|use purextts  
[2019/12/13 23:17:50 321] tts        671  0  nil  1  52735280  
[2019/12/13 23:17:50 321] tts        792  TTS_MSG_GETAUDIO  0  
[2019/12/13 23:17:50 321] tts        638  get audio|use purextts  
[2019/12/13 23:17:50 321] tts        671  0  nil  1  52735280  
[2019/12/13 23:17:50 321] tts        792  TTS_MSG_GETAUDIO  0  
[2019/12/13 23:17:50 321] tts        638  get audio|use purextts  
[2019/12/13 23:17:50 321] tts        671  0  nil  1  52735281  
[2019/12/13 23:17:50 321] tts        792  TTS_MSG_GETAUDIO  0  
[2019/12/13 23:17:50 321] tts        638  get audio|use purextts  
[2019/12/13 23:17:50 321] tts        671  0  nil  1  52735281  
[2019/12/13 23:17:50 322] tts        792  TTS_MSG_GETAUDIO  0  
[2019/12/13 23:17:50 322] tts        638  get audio|use purextts  
[2019/12/13 23:17:50 322] tts        671  0  nil  1  52735281  
[2019/12/13 23:17:50 322] tts        792  TTS_MSG_GETAUDIO  0  
[2019/12/13 23:17:50 322] tts        638  get audio|use purextts  
[2019/12/13 23:17:50 322] tts        671  0  nil  1  52735281  
[2019/12/13 23:17:50 322] tts        792  TTS_MSG_GETAUDIO  0  
[2019/12/13 23:17:50 322] tts        638  get audio|use purextts  
[2019/12/13 23:17:50 322] tts        671  0  nil  1  52735281  
[2019/12/13 23:17:50 322] tts        792  TTS_MSG_GETAUDIO  0  
[2019/12/13 23:17:50 322] tts        638  get audio|use purextts  
[2019/12/13 23:17:50 322] tts        671  0  nil  1  52735282  
[2019/12/13 23:17:50 322] tts        792  TTS_MSG_GETAUDIO  0  
[2019/12/13 23:17:50 322] tts        638  get audio|use purextts  
[2019/12/13 23:17:50 322] tts        671  0  nil  1  52735282  
[2019/12/13 23:17:50 323] tts        792  TTS_MSG_GETAUDIO  0  
[2019/12/13 23:17:50 323] tts        638  get audio|use purextts  
[2019/12/13 23:17:50 323] tts        671  0  nil  1  52735282  
[2019/12/13 23:17:50 323] tts        792  TTS_MSG_GETAUDIO  0  
[2019/12/13 23:17:50 323] tts        638  get audio|use purextts  
[2019/12/13 23:17:50 323] tts        671  0  nil  1  52735282  
[2019/12/13 23:17:50 323] tts        792  TTS_MSG_GETAUDIO  0  
[2019/12/13 23:17:50 323] tts        638  get audio|use purextts  
[2019/12/13 23:17:50 323] tts        671  0  nil  1  52735282  
[2019/12/13 23:17:50 323] tts        792  TTS_MSG_GETAUDIO  0  
[2019/12/13 23:17:50 323] tts        638  get audio|use purextts  
[2019/12/13 23:17:50 323] tts        671  0  nil  1  52735283  
[2019/12/13 23:17:50 323] tts        792  TTS_MSG_GETAUDIO  0  
[2019/12/13 23:17:50 323] tts        638  get audio|use purextts  
[2019/12/13 23:17:50 323] tts        671  0  nil  1  52735283  
[2019/12/13 23:17:50 324] tts        350  TTS_PUREXTTS_CB_OUTPUT  101  udata(d402ccf8) 24  
[2019/12/13 23:17:50 324] tts        354  udata(d402ccf8) 24  
[2019/12/13 23:17:50 324] tts        792  TTS_MSG_GETAUDIO  0  
[2019/12/13 23:17:50 324] tts        638  get audio|use purextts  
[2019/12/13 23:17:50 324] tts        649  1022  
[2019/12/13 23:17:50 324] tts        653  local audiolen:  1022  ,ced:  24  
[2019/12/13 23:17:50 324] tts        671  0  udata(d402cdf8) 1  52735284  
[2019/12/13 23:17:50 324] tts        350  TTS_PUREXTTS_CB_OUTPUT  101  udata(d402ce48) 24  
[2019/12/13 23:17:50 324] tts        354  udata(d402ce48) 24  
[2019/12/13 23:17:50 325] tts        350  TTS_PUREXTTS_CB_OUTPUT  101  udata(d402cf48) 24  
[2019/12/13 23:17:50 325] tts        354  udata(d402cf48) 24  
[2019/12/13 23:17:50 325] tts        350  TTS_PUREXTTS_CB_OUTPUT  101  udata(d402d048) 24  
[2019/12/13 23:17:50 325] tts        354  udata(d402d048) 24  
[2019/12/13 23:17:50 325] tts        350  TTS_PUREXTTS_CB_OUTPUT  101  udata(d402d148) 24  
[2019/12/13 23:17:50 325] tts        354  udata(d402d148) 24  
[2019/12/13 23:17:50 325] tts        792  TTS_MSG_GETAUDIO  0  
[2019/12/13 23:17:50 325] tts        638  get audio|use purextts  
[2019/12/13 23:17:50 325] tts        649  1002  
[2019/12/13 23:17:50 325] tts        653  local audiolen:  1002  ,ced:  24  
[2019/12/13 23:17:50 325] tts        671  0  udata(d402d248) 1  52735285  
[2019/12/13 23:17:50 325] tts        350  TTS_PUREXTTS_CB_OUTPUT  101  udata(d402d298) 24  
[2019/12/13 23:17:50 326] tts        354  udata(d402d298) 24  
[2019/12/13 23:17:50 326] tts        350  TTS_PUREXTTS_CB_OUTPUT  101  udata(d402d398) 24  
[2019/12/13 23:17:50 326] tts        354  udata(d402d398) 24  
[2019/12/13 23:17:50 326] tts        792  TTS_MSG_GETAUDIO  0  
[2019/12/13 23:17:50 326] tts        638  get audio|use purextts  
[2019/12/13 23:17:50 326] tts        649  930  
[2019/12/13 23:17:50 326] tts        653  local audiolen:  930  ,ced:  24  
[2019/12/13 23:17:50 326] tts        671  0  udata(d402d498) 1  52735285  
[2019/12/13 23:17:50 326] tts        792  TTS_MSG_GETAUDIO  0  
[2019/12/13 23:17:50 326] tts        638  get audio|use purextts  
[2019/12/13 23:17:50 326] tts        649  942  
[2019/12/13 23:17:50 326] tts        653  local audiolen:  942  ,ced:  24  
[2019/12/13 23:17:50 326] tts        671  0  udata(d402d4e8) 1  52735285  
[2019/12/13 23:17:50 326] tts        792  TTS_MSG_GETAUDIO  0  
[2019/12/13 23:17:50 326] tts        638  get audio|use purextts  
[2019/12/13 23:17:50 326] tts        649  928  
[2019/12/13 23:17:50 326] tts        653  local audiolen:  928  ,ced:  24  
[2019/12/13 23:17:50 326] tts        671  0  udata(d402d538) 1  52735286  
[2019/12/13 23:17:50 326] tts        792  TTS_MSG_GETAUDIO  0  
[2019/12/13 23:17:50 326] tts        638  get audio|use purextts  
[2019/12/13 23:17:50 326] tts        649  994  
[2019/12/13 23:17:50 326] tts        653  local audiolen:  994  ,ced:  24  
[2019/12/13 23:17:50 327] tts        671  0  udata(d402d588) 1  52735286  
[2019/12/13 23:17:50 327] tts        792  TTS_MSG_GETAUDIO  0  
[2019/12/13 23:17:50 327] tts        638  get audio|use purextts  
[2019/12/13 23:17:50 327] tts        649  1006  
[2019/12/13 23:17:50 327] tts        653  local audiolen:  1006  ,ced:  24  
[2019/12/13 23:17:50 327] tts        671  0  udata(d402d5d8) 1  52735286  
[2019/12/13 23:17:50 327] tts        792  TTS_MSG_GETAUDIO  0  
[2019/12/13 23:17:50 327] tts        638  get audio|use purextts  
[2019/12/13 23:17:50 327] tts        671  0  nil  1  52735286  
[2019/12/13 23:17:50 327] tts        792  TTS_MSG_GETAUDIO  0  
[2019/12/13 23:17:50 327] tts        638  get audio|use purextts  
[2019/12/13 23:17:50 327] tts        671  0  nil  1  52735287  
[2019/12/13 23:17:50 327] tts        792  TTS_MSG_GETAUDIO  0  
[2019/12/13 23:17:50 327] tts        638  get audio|use purextts  
[2019/12/13 23:17:50 327] tts        671  0  nil  1  52735287  
[2019/12/13 23:17:50 328] tts        792  TTS_MSG_GETAUDIO  0  
[2019/12/13 23:17:50 328] tts        638  get audio|use purextts  
[2019/12/13 23:17:50 328] tts        671  0  nil  1  52735287  
[2019/12/13 23:17:50 328] tts        792  TTS_MSG_GETAUDIO  0  
[2019/12/13 23:17:50 328] tts        638  get audio|use purextts  
[2019/12/13 23:17:50 328] tts        671  0  nil  1  52735287  
[2019/12/13 23:17:50 328] tts        792  TTS_MSG_GETAUDIO  0  
[2019/12/13 23:17:50 328] tts        638  get audio|use purextts  
[2019/12/13 23:17:50 328] tts        671  0  nil  1  52735287  
[2019/12/13 23:17:50 328] tts        792  TTS_MSG_GETAUDIO  0  
[2019/12/13 23:17:50 328] tts        638  get audio|use purextts  
[2019/12/13 23:17:50 328] tts        671  0  nil  1  52735287  
[2019/12/13 23:17:50 328] tts        792  TTS_MSG_GETAUDIO  0  
[2019/12/13 23:17:50 328] tts        638  get audio|use purextts  
[2019/12/13 23:17:50 328] tts        671  0  nil  1  52735288  
[2019/12/13 23:17:50 328] tts        792  TTS_MSG_GETAUDIO  0  
[2019/12/13 23:17:50 328] tts        638  get audio|use purextts  
[2019/12/13 23:17:50 328] tts        671  0  nil  1  52735288  
[2019/12/13 23:17:50 329] tts        792  TTS_MSG_GETAUDIO  0  
[2019/12/13 23:17:50 329] tts        638  get audio|use purextts  
[2019/12/13 23:17:50 329] tts        671  0  nil  1  52735288  
[2019/12/13 23:17:50 329] tts        792  TTS_MSG_GETAUDIO  0  
[2019/12/13 23:17:50 329] tts        638  get audio|use purextts  
[2019/12/13 23:17:50 329] tts        671  0  nil  1  52735288  
[2019/12/13 23:17:50 329] tts        792  TTS_MSG_GETAUDIO  0  
[2019/12/13 23:17:50 329] tts        638  get audio|use purextts  
[2019/12/13 23:17:50 329] tts        671  0  nil  1  52735288  
[2019/12/13 23:17:50 329] tts        350  TTS_PUREXTTS_CB_OUTPUT  101  udata(d402d628) 24  
[2019/12/13 23:17:50 329] tts        354  udata(d402d628) 24  
[2019/12/13 23:17:50 330] tts        350  TTS_PUREXTTS_CB_OUTPUT  101  udata(d402d6c8) 24  
[2019/12/13 23:17:50 330] tts        354  udata(d402d6c8) 24  
[2019/12/13 23:17:50 330] tts        792  TTS_MSG_GETAUDIO  0  
[2019/12/13 23:17:50 330] tts        638  get audio|use purextts  
[2019/12/13 23:17:50 330] tts        649  990  
[2019/12/13 23:17:50 330] tts        653  local audiolen:  990  ,ced:  24  
[2019/12/13 23:17:50 330] tts        671  0  udata(d402d828) 1  52735289  
[2019/12/13 23:17:50 330] tts        350  TTS_PUREXTTS_CB_OUTPUT  101  udata(d402d878) 24  
[2019/12/13 23:17:50 330] tts        354  udata(d402d878) 24  
[2019/12/13 23:17:50 330] tts        350  TTS_PUREXTTS_CB_OUTPUT  101  udata(d402d978) 24  
[2019/12/13 23:17:50 330] tts        354  udata(d402d978) 24  
[2019/12/13 23:17:50 330] tts        792  TTS_MSG_GETAUDIO  0  
[2019/12/13 23:17:50 330] tts        638  get audio|use purextts  
[2019/12/13 23:17:50 330] tts        649  960  
[2019/12/13 23:17:50 330] tts        653  local audiolen:  960  ,ced:  24  
[2019/12/13 23:17:50 330] tts        671  0  udata(d4062bb8) 1  52735290  
[2019/12/13 23:17:50 331] tts        792  TTS_MSG_GETAUDIO  0  
[2019/12/13 23:17:50 331] tts        638  get audio|use purextts  
[2019/12/13 23:17:50 331] tts        649  960  
[2019/12/13 23:17:50 331] tts        653  local audiolen:  960  ,ced:  24  
[2019/12/13 23:17:50 331] tts        671  0  udata(d402de88) 1  52735290  
[2019/12/13 23:17:50 331] tts        792  TTS_MSG_GETAUDIO  0  
[2019/12/13 23:17:50 331] tts        638  get audio|use purextts  
[2019/12/13 23:17:50 331] tts        649  960  
[2019/12/13 23:17:50 331] tts        653  local audiolen:  960  ,ced:  24  
[2019/12/13 23:17:50 331] tts        671  0  udata(d402ded8) 1  52735290  
[2019/12/13 23:17:50 331] tts        792  TTS_MSG_GETAUDIO  0  
[2019/12/13 23:17:50 331] tts        638  get audio|use purextts  
[2019/12/13 23:17:50 331] tts        671  0  nil  1  52735291  
[2019/12/13 23:17:50 331] tts        792  TTS_MSG_GETAUDIO  0  
[2019/12/13 23:17:50 331] tts        638  get audio|use purextts  
[2019/12/13 23:17:50 331] tts        671  0  nil  1  52735291  
[2019/12/13 23:17:50 332] tts        792  TTS_MSG_GETAUDIO  0  
[2019/12/13 23:17:50 332] tts        638  get audio|use purextts  
[2019/12/13 23:17:50 332] tts        671  0  nil  1  52735291  
[2019/12/13 23:17:50 332] tts        792  TTS_MSG_GETAUDIO  0  
[2019/12/13 23:17:50 332] tts        638  get audio|use purextts  
[2019/12/13 23:17:50 332] tts        671  0  nil  1  52735291  
[2019/12/13 23:17:50 332] tts        350  TTS_PUREXTTS_CB_OUTPUT  101  udata(d402df28) 24  
[2019/12/13 23:17:50 332] tts        354  udata(d402df28) 24  
[2019/12/13 23:17:50 332] tts        792  TTS_MSG_GETAUDIO  0  
[2019/12/13 23:17:50 333] tts        638  get audio|use purextts  
[2019/12/13 23:17:50 333] tts        649  960  
[2019/12/13 23:17:50 333] tts        653  local audiolen:  960  ,ced:  24  
[2019/12/13 23:17:50 333] tts        671  0  udata(d402e028) 1  52735292  
[2019/12/13 23:17:50 333] tts        350  TTS_PUREXTTS_CB_OUTPUT  101  udata(d402e078) 24  
[2019/12/13 23:17:50 333] tts        354  udata(d402e078) 24  
[2019/12/13 23:17:50 333] tts        350  TTS_PUREXTTS_CB_OUTPUT  101  udata(d402e178) 24  
[2019/12/13 23:17:50 333] tts        354  udata(d402e178) 24  
[2019/12/13 23:17:50 333] tts        792  TTS_MSG_GETAUDIO  0  
[2019/12/13 23:17:50 333] tts        638  get audio|use purextts  
[2019/12/13 23:17:50 333] tts        649  962  
[2019/12/13 23:17:50 333] tts        653  local audiolen:  962  ,ced:  24  
[2019/12/13 23:17:50 333] tts        671  0  udata(d402e278) 1  52735292  
[2019/12/13 23:17:50 333] tts        792  TTS_MSG_GETAUDIO  0  
[2019/12/13 23:17:50 333] tts        638  get audio|use purextts  
[2019/12/13 23:17:50 333] tts        649  952  
[2019/12/13 23:17:50 333] tts        653  local audiolen:  952  ,ced:  24  
[2019/12/13 23:17:50 333] tts        671  0  udata(d402e2c8) 1  52735293  
[2019/12/13 23:17:50 333] tts        792  TTS_MSG_GETAUDIO  0  
[2019/12/13 23:17:50 333] tts        638  get audio|use purextts  
[2019/12/13 23:17:50 333] tts        671  0  nil  1  52735293  
[2019/12/13 23:17:50 334] tts        792  TTS_MSG_GETAUDIO  0  
[2019/12/13 23:17:50 334] tts        638  get audio|use purextts  
[2019/12/13 23:17:50 334] tts        671  0  nil  1  52735293  
[2019/12/13 23:17:50 334] tts        792  TTS_MSG_GETAUDIO  0  
[2019/12/13 23:17:50 334] tts        638  get audio|use purextts  
[2019/12/13 23:17:50 334] tts        671  0  nil  1  52735293  
[2019/12/13 23:17:50 334] tts        792  TTS_MSG_GETAUDIO  0  
[2019/12/13 23:17:50 334] tts        638  get audio|use purextts  
[2019/12/13 23:17:50 334] tts        671  0  nil  1  52735293  
[2019/12/13 23:17:50 334] tts        792  TTS_MSG_GETAUDIO  0  
[2019/12/13 23:17:50 334] tts        638  get audio|use purextts  
[2019/12/13 23:17:50 334] tts        671  0  nil  1  52735294  
[2019/12/13 23:17:50 334] tts        792  TTS_MSG_GETAUDIO  0  
[2019/12/13 23:17:50 334] tts        638  get audio|use purextts  
[2019/12/13 23:17:50 334] tts        671  0  nil  1  52735294  
[2019/12/13 23:17:50 335] tts        792  TTS_MSG_GETAUDIO  0  
[2019/12/13 23:17:50 335] tts        638  get audio|use purextts  
[2019/12/13 23:17:50 335] tts        671  0  nil  1  52735294  
[2019/12/13 23:17:50 335] tts        350  TTS_PUREXTTS_CB_OUTPUT  101  udata(d402e318) 24  
[2019/12/13 23:17:50 335] tts        354  udata(d402e318) 24  
[2019/12/13 23:17:50 335] tts        350  TTS_PUREXTTS_CB_OUTPUT  101  udata(d4039118) 24  
[2019/12/13 23:17:50 335] tts        354  udata(d4039118) 24  
[2019/12/13 23:17:50 335] tts        792  TTS_MSG_GETAUDIO  0  
[2019/12/13 23:17:50 335] tts        638  get audio|use purextts  
[2019/12/13 23:17:50 335] tts        649  966  
[2019/12/13 23:17:50 335] tts        653  local audiolen:  966  ,ced:  24  
[2019/12/13 23:17:50 335] tts        671  0  udata(d4039278) 1  52735295  
[2019/12/13 23:17:50 335] tts        792  TTS_MSG_GETAUDIO  0  
[2019/12/13 23:17:50 335] tts        638  get audio|use purextts  
[2019/12/13 23:17:50 335] tts        649  960  
[2019/12/13 23:17:50 335] tts        653  local audiolen:  960  ,ced:  24  
[2019/12/13 23:17:50 335] tts        671  0  udata(d40392c8) 1  52735295  
[2019/12/13 23:17:50 335] tts        792  TTS_MSG_GETAUDIO  0  
[2019/12/13 23:17:50 335] tts        638  get audio|use purextts  
[2019/12/13 23:17:50 335] tts        671  0  nil  1  52735295  
[2019/12/13 23:17:50 336] tts        792  TTS_MSG_GETAUDIO  0  
[2019/12/13 23:17:50 336] tts        638  get audio|use purextts  
[2019/12/13 23:17:50 336] tts        671  0  nil  1  52735295  
[2019/12/13 23:17:50 336] tts        792  TTS_MSG_GETAUDIO  0  
[2019/12/13 23:17:50 336] tts        638  get audio|use purextts  
[2019/12/13 23:17:50 336] tts        671  0  nil  1  52735295  
[2019/12/13 23:17:50 336] tts        792  TTS_MSG_GETAUDIO  0  
[2019/12/13 23:17:50 336] tts        638  get audio|use purextts  
[2019/12/13 23:17:50 336] tts        671  0  nil  1  52735295  
[2019/12/13 23:17:50 336] tts        792  TTS_MSG_GETAUDIO  0  
[2019/12/13 23:17:50 336] tts        638  get audio|use purextts  
[2019/12/13 23:17:50 336] tts        671  0  nil  1  52735296  
[2019/12/13 23:17:50 336] tts        792  TTS_MSG_GETAUDIO  0  
[2019/12/13 23:17:50 336] tts        638  get audio|use purextts  
[2019/12/13 23:17:50 336] tts        671  0  nil  1  52735296  
[2019/12/13 23:17:50 336] tts        792  TTS_MSG_GETAUDIO  0  
[2019/12/13 23:17:50 336] tts        638  get audio|use purextts  
[2019/12/13 23:17:50 336] tts        671  0  nil  1  52735296  
[2019/12/13 23:17:50 337] tts        792  TTS_MSG_GETAUDIO  0  
[2019/12/13 23:17:50 337] tts        638  get audio|use purextts  
[2019/12/13 23:17:50 337] tts        671  0  nil  1  52735296  
[2019/12/13 23:17:50 337] tts        792  TTS_MSG_GETAUDIO  0  
[2019/12/13 23:17:50 337] tts        638  get audio|use purextts  
[2019/12/13 23:17:50 337] tts        671  0  nil  1  52735296  
[2019/12/13 23:17:50 337] tts        792  TTS_MSG_GETAUDIO  0  
[2019/12/13 23:17:50 337] tts        638  get audio|use purextts  
[2019/12/13 23:17:50 337] tts        671  0  nil  1  52735296  
[2019/12/13 23:17:50 337] tts        792  TTS_MSG_GETAUDIO  0  
[2019/12/13 23:17:50 337] tts        638  get audio|use purextts  
[2019/12/13 23:17:50 337] tts        671  0  nil  1  52735296  
[2019/12/13 23:17:50 337] tts        792  TTS_MSG_GETAUDIO  0  
[2019/12/13 23:17:50 337] tts        638  get audio|use purextts  
[2019/12/13 23:17:50 337] tts        671  0  nil  1  52735297  
[2019/12/13 23:17:50 337] tts        792  TTS_MSG_GETAUDIO  0  
[2019/12/13 23:17:50 337] tts        638  get audio|use purextts  
[2019/12/13 23:17:50 337] tts        671  0  nil  1  52735297  
[2019/12/13 23:17:50 338] tts        792  TTS_MSG_GETAUDIO  0  
[2019/12/13 23:17:50 338] tts        638  get audio|use purextts  
[2019/12/13 23:17:50 338] tts        671  0  nil  1  52735297  
[2019/12/13 23:17:50 338] tts        792  TTS_MSG_GETAUDIO  0  
[2019/12/13 23:17:50 338] tts        638  get audio|use purextts  
[2019/12/13 23:17:50 338] tts        671  0  nil  1  52735297  
[2019/12/13 23:17:50 338] tts        792  TTS_MSG_GETAUDIO  0  
[2019/12/13 23:17:50 338] tts        638  get audio|use purextts  
[2019/12/13 23:17:50 338] tts        671  0  nil  1  52735297  
[2019/12/13 23:17:50 338] tts        792  TTS_MSG_GETAUDIO  0  
[2019/12/13 23:17:50 338] tts        638  get audio|use purextts  
[2019/12/13 23:17:50 338] tts        671  0  nil  1  52735297  
[2019/12/13 23:17:50 338] tts        792  TTS_MSG_GETAUDIO  0  
[2019/12/13 23:17:50 338] tts        638  get audio|use purextts  
[2019/12/13 23:17:50 338] tts        671  0  nil  1  52735298  
[2019/12/13 23:17:50 338] tts        792  TTS_MSG_GETAUDIO  0  
[2019/12/13 23:17:50 338] tts        638  get audio|use purextts  
[2019/12/13 23:17:50 338] tts        671  0  nil  1  52735298  
[2019/12/13 23:17:50 338] tts        792  TTS_MSG_GETAUDIO  0  
[2019/12/13 23:17:50 338] tts        638  get audio|use purextts  
[2019/12/13 23:17:50 338] tts        671  0  nil  1  52735298  
[2019/12/13 23:17:50 339] tts        792  TTS_MSG_GETAUDIO  0  
[2019/12/13 23:17:50 339] tts        638  get audio|use purextts  
[2019/12/13 23:17:50 339] tts        671  0  nil  1  52735298  
[2019/12/13 23:17:50 339] tts        792  TTS_MSG_GETAUDIO  0  
[2019/12/13 23:17:50 339] tts        638  get audio|use purextts  
[2019/12/13 23:17:50 339] tts        671  0  nil  1  52735298  
[2019/12/13 23:17:50 339] tts        792  TTS_MSG_GETAUDIO  0  
[2019/12/13 23:17:50 339] tts        638  get audio|use purextts  
[2019/12/13 23:17:50 339] tts        671  0  nil  1  52735298  
[2019/12/13 23:17:50 339] tts        792  TTS_MSG_GETAUDIO  0  
[2019/12/13 23:17:50 339] tts        638  get audio|use purextts  
[2019/12/13 23:17:50 339] tts        671  0  nil  1  52735298  
[2019/12/13 23:17:50 339] tts        792  TTS_MSG_GETAUDIO  0  
[2019/12/13 23:17:50 339] tts        638  get audio|use purextts  
[2019/12/13 23:17:50 339] tts        671  0  nil  1  52735299  
[2019/12/13 23:17:50 339] tts        792  TTS_MSG_GETAUDIO  0  
[2019/12/13 23:17:50 339] tts        638  get audio|use purextts  
[2019/12/13 23:17:50 339] tts        671  0  nil  1  52735299  
[2019/12/13 23:17:50 339] tts        792  TTS_MSG_GETAUDIO  0  
[2019/12/13 23:17:50 340] tts        638  get audio|use purextts  
[2019/12/13 23:17:50 340] tts        671  0  nil  1  52735299  
[2019/12/13 23:17:50 340] tts        792  TTS_MSG_GETAUDIO  0  
[2019/12/13 23:17:50 340] tts        638  get audio|use purextts  
[2019/12/13 23:17:50 340] tts        671  0  nil  1  52735299  
[2019/12/13 23:17:50 340] tts        792  TTS_MSG_GETAUDIO  0  
[2019/12/13 23:17:50 340] tts        638  get audio|use purextts  
[2019/12/13 23:17:50 340] tts        671  0  nil  1  52735299  
[2019/12/13 23:17:50 340] tts        792  TTS_MSG_GETAUDIO  0  
[2019/12/13 23:17:50 340] tts        638  get audio|use purextts  
[2019/12/13 23:17:50 340] tts        671  0  nil  1  52735299  
[2019/12/13 23:17:50 340] tts        792  TTS_MSG_GETAUDIO  0  
[2019/12/13 23:17:50 340] tts        638  get audio|use purextts  
[2019/12/13 23:17:50 340] tts        671  0  nil  1  52735300  
[2019/12/13 23:17:50 340] tts        792  TTS_MSG_GETAUDIO  0  
[2019/12/13 23:17:50 340] tts        638  get audio|use purextts  
[2019/12/13 23:17:50 340] tts        671  0  nil  1  52735300  
[2019/12/13 23:17:50 340] tts        792  TTS_MSG_GETAUDIO  0  
[2019/12/13 23:17:50 340] tts        638  get audio|use purextts  
[2019/12/13 23:17:50 340] tts        671  0  nil  1  52735300  
[2019/12/13 23:17:50 341] tts        792  TTS_MSG_GETAUDIO  0  
[2019/12/13 23:17:50 341] tts        638  get audio|use purextts  
[2019/12/13 23:17:50 341] tts        671  0  nil  1  52735300  
[2019/12/13 23:17:50 341] tts        792  TTS_MSG_GETAUDIO  0  
[2019/12/13 23:17:50 341] tts        638  get audio|use purextts  
[2019/12/13 23:17:50 341] tts        671  0  nil  1  52735300  
[2019/12/13 23:17:50 341] tts        792  TTS_MSG_GETAUDIO  0  
[2019/12/13 23:17:50 341] tts        638  get audio|use purextts  
[2019/12/13 23:17:50 341] tts        671  0  nil  1  52735300  
[2019/12/13 23:17:50 341] tts        792  TTS_MSG_GETAUDIO  0  
[2019/12/13 23:17:50 341] tts        638  get audio|use purextts  
[2019/12/13 23:17:50 341] tts        671  0  nil  1  52735301  
[2019/12/13 23:17:50 341] tts        792  TTS_MSG_GETAUDIO  0  
[2019/12/13 23:17:50 341] tts        638  get audio|use purextts  
[2019/12/13 23:17:50 341] tts        671  0  nil  1  52735301  
[2019/12/13 23:17:50 342] tts        792  TTS_MSG_GETAUDIO  0  
[2019/12/13 23:17:50 342] tts        638  get audio|use purextts  
[2019/12/13 23:17:50 342] tts        671  0  nil  1  52735301  
[2019/12/13 23:17:50 342] tts        792  TTS_MSG_GETAUDIO  0  
[2019/12/13 23:17:50 342] tts        638  get audio|use purextts  
[2019/12/13 23:17:50 342] tts        671  0  nil  1  52735301  
[2019/12/13 23:17:50 342] tts        792  TTS_MSG_GETAUDIO  0  
[2019/12/13 23:17:50 342] tts        638  get audio|use purextts  
[2019/12/13 23:17:50 342] tts        671  0  nil  1  52735301  
[2019/12/13 23:17:50 342] tts        792  TTS_MSG_GETAUDIO  0  
[2019/12/13 23:17:50 342] tts        638  get audio|use purextts  
[2019/12/13 23:17:50 342] tts        671  0  nil  1  52735302  
[2019/12/13 23:17:50 342] tts        792  TTS_MSG_GETAUDIO  0  
[2019/12/13 23:17:50 342] tts        638  get audio|use purextts  
[2019/12/13 23:17:50 342] tts        671  0  nil  1  52735302  
[2019/12/13 23:17:50 342] tts        792  TTS_MSG_GETAUDIO  0  
[2019/12/13 23:17:50 342] tts        638  get audio|use purextts  
[2019/12/13 23:17:50 342] tts        671  0  nil  1  52735302  
[2019/12/13 23:17:50 343] tts        792  TTS_MSG_GETAUDIO  0  
[2019/12/13 23:17:50 343] tts        638  get audio|use purextts  
[2019/12/13 23:17:50 343] tts        671  0  nil  1  52735302  
[2019/12/13 23:17:50 343] tts        792  TTS_MSG_GETAUDIO  0  
[2019/12/13 23:17:50 343] tts        638  get audio|use purextts  
[2019/12/13 23:17:50 343] tts        671  0  nil  1  52735302  
[2019/12/13 23:17:50 343] tts        792  TTS_MSG_GETAUDIO  0  
[2019/12/13 23:17:50 343] tts        638  get audio|use purextts  
[2019/12/13 23:17:50 343] tts        671  0  nil  1  52735302  
[2019/12/13 23:17:50 343] tts        792  TTS_MSG_GETAUDIO  0  
[2019/12/13 23:17:50 343] tts        638  get audio|use purextts  
[2019/12/13 23:17:50 343] tts        671  0  nil  1  52735303  
[2019/12/13 23:17:50 343] tts        350  TTS_PUREXTTS_CB_OUTPUT  101  udata(d4039318) 24  
[2019/12/13 23:17:50 343] tts        354  udata(d4039318) 24  
[2019/12/13 23:17:50 344] tts        792  TTS_MSG_GETAUDIO  0  
[2019/12/13 23:17:50 344] tts        638  get audio|use purextts  
[2019/12/13 23:17:50 344] tts        649  972  
[2019/12/13 23:17:50 344] tts        653  local audiolen:  972  ,ced:  24  
[2019/12/13 23:17:50 344] tts        671  0  udata(d4039418) 1  52735303  
[2019/12/13 23:17:50 344] tts        350  TTS_PUREXTTS_CB_OUTPUT  101  udata(d4039468) 24  
[2019/12/13 23:17:50 344] tts        354  udata(d4039468) 24  
[2019/12/13 23:17:50 344] tts        792  TTS_MSG_GETAUDIO  0  
[2019/12/13 23:17:50 344] tts        638  get audio|use purextts  
[2019/12/13 23:17:50 344] tts        649  1022  
[2019/12/13 23:17:50 344] tts        653  local audiolen:  1022  ,ced:  24  
[2019/12/13 23:17:50 344] tts        671  0  udata(d4039568) 1  52735304  
[2019/12/13 23:17:50 344] tts        350  TTS_PUREXTTS_CB_OUTPUT  101  udata(d40395b8) 24  
[2019/12/13 23:17:50 344] tts        354  udata(d40395b8) 24  
[2019/12/13 23:17:50 344] tts        792  TTS_MSG_GETAUDIO  0  
[2019/12/13 23:17:50 345] tts        638  get audio|use purextts  
[2019/12/13 23:17:50 345] tts        649  946  
[2019/12/13 23:17:50 345] tts        653  local audiolen:  946  ,ced:  24  
[2019/12/13 23:17:50 345] tts        671  0  udata(d40396b8) 1  52735304  
[2019/12/13 23:17:50 345] tts        350  TTS_PUREXTTS_CB_OUTPUT  101  udata(d4039708) 24  
[2019/12/13 23:17:50 345] tts        354  udata(d4039708) 24  
[2019/12/13 23:17:50 345] tts        350  TTS_PUREXTTS_CB_OUTPUT  101  udata(d4039808) 24  
[2019/12/13 23:17:50 345] tts        354  udata(d4039808) 24  
[2019/12/13 23:17:50 345] tts        792  TTS_MSG_GETAUDIO  0  
[2019/12/13 23:17:50 345] tts        638  get audio|use purextts  
[2019/12/13 23:17:50 345] tts        649  952  
[2019/12/13 23:17:50 345] tts        653  local audiolen:  952  ,ced:  24  
[2019/12/13 23:17:50 345] tts        671  0  udata(d4039908) 1  52735305  
[2019/12/13 23:17:50 345] tts        350  TTS_PUREXTTS_CB_OUTPUT  101  udata(d4039958) 24  
[2019/12/13 23:17:50 345] tts        354  udata(d4039958) 24  
[2019/12/13 23:17:50 346] tts        350  TTS_PUREXTTS_CB_OUTPUT  101  udata(d4039a58) 24  
[2019/12/13 23:17:50 346] tts        354  udata(d4039a58) 24  
[2019/12/13 23:17:50 346] tts        792  TTS_MSG_GETAUDIO  0  
[2019/12/13 23:17:50 346] tts        638  get audio|use purextts  
[2019/12/13 23:17:50 346] tts        649  984  
[2019/12/13 23:17:50 346] tts        653  local audiolen:  984  ,ced:  24  
[2019/12/13 23:17:50 346] tts        671  0  udata(d4039b58) 1  52735305  
[2019/12/13 23:17:50 346] tts        350  TTS_PUREXTTS_CB_OUTPUT  101  udata(d4039ba8) 24  
[2019/12/13 23:17:50 346] tts        354  udata(d4039ba8) 24  
[2019/12/13 23:17:50 346] tts        350  TTS_PUREXTTS_CB_OUTPUT  101  udata(d4039ca8) 24  
[2019/12/13 23:17:50 346] tts        354  udata(d4039ca8) 24  
[2019/12/13 23:17:50 347] tts        350  TTS_PUREXTTS_CB_OUTPUT  101  udata(d4039da8) 24  
[2019/12/13 23:17:50 347] tts        354  udata(d4039da8) 24  
[2019/12/13 23:17:50 347] tts        792  TTS_MSG_GETAUDIO  0  
[2019/12/13 23:17:50 347] tts        638  get audio|use purextts  
[2019/12/13 23:17:50 347] tts        649  938  
[2019/12/13 23:17:50 347] tts        653  local audiolen:  938  ,ced:  24  
[2019/12/13 23:17:50 347] tts        671  0  udata(d4039ea8) 1  52735306  
[2019/12/13 23:17:50 347] tts        350  TTS_PUREXTTS_CB_OUTPUT  101  udata(d4039ef8) 24  
[2019/12/13 23:17:50 347] tts        354  udata(d4039ef8) 24  
[2019/12/13 23:17:50 347] tts        350  TTS_PUREXTTS_CB_OUTPUT  101  udata(d4039ff8) 24  
[2019/12/13 23:17:50 347] tts        354  udata(d4039ff8) 24  
[2019/12/13 23:17:50 347] tts        792  TTS_MSG_GETAUDIO  0  
[2019/12/13 23:17:50 347] tts        638  get audio|use purextts  
[2019/12/13 23:17:50 347] tts        649  920  
[2019/12/13 23:17:50 347] tts        653  local audiolen:  920  ,ced:  24  
[2019/12/13 23:17:50 347] tts        671  0  udata(d403a0f8) 1  52735307  
[2019/12/13 23:17:50 347] tts        792  TTS_MSG_GETAUDIO  0  
[2019/12/13 23:17:50 347] tts        638  get audio|use purextts  
[2019/12/13 23:17:50 347] tts        649  934  
[2019/12/13 23:17:50 347] tts        653  local audiolen:  934  ,ced:  24  
[2019/12/13 23:17:50 347] tts        671  0  udata(d403a148) 1  52735307  
[2019/12/13 23:17:50 348] tts        792  TTS_MSG_GETAUDIO  0  
[2019/12/13 23:17:50 348] tts        638  get audio|use purextts  
[2019/12/13 23:17:50 348] tts        649  996  
[2019/12/13 23:17:50 348] tts        653  local audiolen:  996  ,ced:  24  
[2019/12/13 23:17:50 348] tts        671  0  udata(d403a198) 1  52735307  
[2019/12/13 23:17:50 348] tts        792  TTS_MSG_GETAUDIO  0  
[2019/12/13 23:17:50 348] tts        638  get audio|use purextts  
[2019/12/13 23:17:50 348] tts        649  946  
[2019/12/13 23:17:50 348] tts        653  local audiolen:  946  ,ced:  24  
[2019/12/13 23:17:50 348] tts        671  0  udata(d403a1e8) 1  52735307  
[2019/12/13 23:17:50 348] tts        792  TTS_MSG_GETAUDIO  0  
[2019/12/13 23:17:50 348] tts        638  get audio|use purextts  
[2019/12/13 23:17:50 348] tts        649  922  
[2019/12/13 23:17:50 348] tts        653  local audiolen:  922  ,ced:  24  
[2019/12/13 23:17:50 348] tts        671  0  udata(d403a238) 1  52735307  
[2019/12/13 23:17:50 348] tts        792  TTS_MSG_GETAUDIO  0  
[2019/12/13 23:17:50 348] tts        638  get audio|use purextts  
[2019/12/13 23:17:50 348] tts        649  864  
[2019/12/13 23:17:50 348] tts        653  local audiolen:  864  ,ced:  24  
[2019/12/13 23:17:50 348] tts        671  0  udata(d403a288) 1  52735308  
[2019/12/13 23:17:50 348] tts        792  TTS_MSG_GETAUDIO  0  
[2019/12/13 23:17:50 348] tts        638  get audio|use purextts  
[2019/12/13 23:17:50 349] tts        671  0  nil  1  52735308  
[2019/12/13 23:17:50 349] tts        350  TTS_PUREXTTS_CB_OUTPUT  101  udata(d403a2d8) 24  
[2019/12/13 23:17:50 349] tts        354  udata(d403a2d8) 24  
[2019/12/13 23:17:50 349] tts        792  TTS_MSG_GETAUDIO  0  
[2019/12/13 23:17:50 349] tts        638  get audio|use purextts  
[2019/12/13 23:17:50 349] tts        649  1002  
[2019/12/13 23:17:50 349] tts        653  local audiolen:  1002  ,ced:  24  
[2019/12/13 23:17:50 349] tts        671  0  udata(d403a3d8) 1  52735308  
[2019/12/13 23:17:50 349] tts        792  TTS_MSG_GETAUDIO  0  
[2019/12/13 23:17:50 349] tts        638  get audio|use purextts  
[2019/12/13 23:17:50 349] tts        671  0  nil  1  52735308  
[2019/12/13 23:17:50 349] tts        792  TTS_MSG_GETAUDIO  0  
[2019/12/13 23:17:50 349] tts        638  get audio|use purextts  
[2019/12/13 23:17:50 349] tts        671  0  nil  1  52735309  
[2019/12/13 23:17:50 349] tts        792  TTS_MSG_GETAUDIO  0  
[2019/12/13 23:17:50 349] tts        638  get audio|use purextts  
[2019/12/13 23:17:50 349] tts        671  0  nil  1  52735309  
[2019/12/13 23:17:50 349] tts        792  TTS_MSG_GETAUDIO  0  
[2019/12/13 23:17:50 350] tts        638  get audio|use purextts  
[2019/12/13 23:17:50 350] tts        671  0  nil  1  52735309  
[2019/12/13 23:17:50 350] tts        792  TTS_MSG_GETAUDIO  0  
[2019/12/13 23:17:50 350] tts        638  get audio|use purextts  
[2019/12/13 23:17:50 350] tts        671  0  nil  1  52735309  
[2019/12/13 23:17:50 350] tts        792  TTS_MSG_GETAUDIO  0  
[2019/12/13 23:17:50 350] tts        638  get audio|use purextts  
[2019/12/13 23:17:50 350] tts        671  0  nil  1  52735309  
[2019/12/13 23:17:50 350] tts        792  TTS_MSG_GETAUDIO  0  
[2019/12/13 23:17:50 350] tts        638  get audio|use purextts  
[2019/12/13 23:17:50 350] tts        671  0  nil  1  52735309  
[2019/12/13 23:17:50 350] tts        792  TTS_MSG_GETAUDIO  0  
[2019/12/13 23:17:50 350] tts        638  get audio|use purextts  
[2019/12/13 23:17:50 350] tts        671  0  nil  1  52735310  
[2019/12/13 23:17:50 350] tts        792  TTS_MSG_GETAUDIO  0  
[2019/12/13 23:17:50 350] tts        638  get audio|use purextts  
[2019/12/13 23:17:50 350] tts        671  0  nil  1  52735310  
[2019/12/13 23:17:50 350] tts        792  TTS_MSG_GETAUDIO  0  
[2019/12/13 23:17:50 350] tts        638  get audio|use purextts  
[2019/12/13 23:17:50 350] tts        671  0  nil  1  52735310  
[2019/12/13 23:17:50 351] tts        792  TTS_MSG_GETAUDIO  0  
[2019/12/13 23:17:50 351] tts        638  get audio|use purextts  
[2019/12/13 23:17:50 351] tts        671  0  nil  1  52735310  
[2019/12/13 23:17:50 351] tts        792  TTS_MSG_GETAUDIO  0  
[2019/12/13 23:17:50 351] tts        638  get audio|use purextts  
[2019/12/13 23:17:50 351] tts        671  0  nil  1  52735310  
[2019/12/13 23:17:50 351] tts        792  TTS_MSG_GETAUDIO  0  
[2019/12/13 23:17:50 351] tts        638  get audio|use purextts  
[2019/12/13 23:17:50 351] tts        671  0  nil  1  52735310  
[2019/12/13 23:17:50 351] tts        792  TTS_MSG_GETAUDIO  0  
[2019/12/13 23:17:50 351] tts        638  get audio|use purextts  
[2019/12/13 23:17:50 351] tts        671  0  nil  1  52735310  
[2019/12/13 23:17:50 351] tts        792  TTS_MSG_GETAUDIO  0  
[2019/12/13 23:17:50 351] tts        638  get audio|use purextts  
[2019/12/13 23:17:50 351] tts        671  0  nil  1  52735311  
[2019/12/13 23:17:50 351] tts        792  TTS_MSG_GETAUDIO  0  
[2019/12/13 23:17:50 351] tts        638  get audio|use purextts  
[2019/12/13 23:17:50 351] tts        671  0  nil  1  52735311  
[2019/12/13 23:17:50 351] tts        792  TTS_MSG_GETAUDIO  0  
[2019/12/13 23:17:50 351] tts        638  get audio|use purextts  
[2019/12/13 23:17:50 351] tts        671  0  nil  1  52735311  
[2019/12/13 23:17:50 352] tts        792  TTS_MSG_GETAUDIO  0  
[2019/12/13 23:17:50 352] tts        638  get audio|use purextts  
[2019/12/13 23:17:50 352] tts        671  0  nil  1  52735311  
[2019/12/13 23:17:50 352] tts        792  TTS_MSG_GETAUDIO  0  
[2019/12/13 23:17:50 352] tts        638  get audio|use purextts  
[2019/12/13 23:17:50 352] tts        671  0  nil  1  52735311  
[2019/12/13 23:17:50 352] tts        792  TTS_MSG_GETAUDIO  0  
[2019/12/13 23:17:50 352] tts        638  get audio|use purextts  
[2019/12/13 23:17:50 352] tts        671  0  nil  1  52735311  
[2019/12/13 23:17:50 352] tts        792  TTS_MSG_GETAUDIO  0  
[2019/12/13 23:17:50 352] tts        638  get audio|use purextts  
[2019/12/13 23:17:50 352] tts        671  0  nil  1  52735311  
[2019/12/13 23:17:50 352] tts        792  TTS_MSG_GETAUDIO  0  
[2019/12/13 23:17:50 352] tts        638  get audio|use purextts  
[2019/12/13 23:17:50 352] tts        671  0  nil  1  52735312  
[2019/12/13 23:17:50 352] tts        792  TTS_MSG_GETAUDIO  0  
[2019/12/13 23:17:50 352] tts        638  get audio|use purextts  
[2019/12/13 23:17:50 352] tts        671  0  nil  1  52735312  
[2019/12/13 23:17:50 352] tts        792  TTS_MSG_GETAUDIO  0  
[2019/12/13 23:17:50 352] tts        638  get audio|use purextts  
[2019/12/13 23:17:50 352] tts        671  0  nil  1  52735312  
[2019/12/13 23:17:50 353] tts        792  TTS_MSG_GETAUDIO  0  
[2019/12/13 23:17:50 353] tts        638  get audio|use purextts  
[2019/12/13 23:17:50 353] tts        671  0  nil  1  52735312  
[2019/12/13 23:17:50 353] tts        792  TTS_MSG_GETAUDIO  0  
[2019/12/13 23:17:50 353] tts        638  get audio|use purextts  
[2019/12/13 23:17:50 353] tts        671  0  nil  1  52735312  
[2019/12/13 23:17:50 353] tts        792  TTS_MSG_GETAUDIO  0  
[2019/12/13 23:17:50 353] tts        638  get audio|use purextts  
[2019/12/13 23:17:50 353] tts        671  0  nil  1  52735312  
[2019/12/13 23:17:50 353] tts        792  TTS_MSG_GETAUDIO  0  
[2019/12/13 23:17:50 353] tts        638  get audio|use purextts  
[2019/12/13 23:17:50 353] tts        671  0  nil  1  52735312  
[2019/12/13 23:17:50 353] tts        792  TTS_MSG_GETAUDIO  0  
[2019/12/13 23:17:50 353] tts        638  get audio|use purextts  
[2019/12/13 23:17:50 353] tts        671  0  nil  1  52735313  
[2019/12/13 23:17:50 353] tts        792  TTS_MSG_GETAUDIO  0  
[2019/12/13 23:17:50 354] tts        638  get audio|use purextts  
[2019/12/13 23:17:50 354] tts        671  0  nil  1  52735313  
[2019/12/13 23:17:50 354] tts        350  TTS_PUREXTTS_CB_OUTPUT  101  udata(d403a428) 24  
[2019/12/13 23:17:50 354] tts        354  udata(d403a428) 24  
[2019/12/13 23:17:50 354] tts        350  TTS_PUREXTTS_CB_OUTPUT  101  udata(d403a4c8) 24  
[2019/12/13 23:17:50 354] tts        354  udata(d403a4c8) 24  
[2019/12/13 23:17:50 354] tts        792  TTS_MSG_GETAUDIO  0  
[2019/12/13 23:17:50 354] tts        638  get audio|use purextts  
[2019/12/13 23:17:50 354] tts        649  960  
[2019/12/13 23:17:50 354] tts        653  local audiolen:  960  ,ced:  24  
[2019/12/13 23:17:50 354] tts        671  0  udata(d403a628) 1  52735314  
[2019/12/13 23:17:50 354] tts        350  TTS_PUREXTTS_CB_OUTPUT  101  udata(d403a678) 24  
[2019/12/13 23:17:50 354] tts        354  udata(d403a678) 24  
[2019/12/13 23:17:50 355] tts        350  TTS_PUREXTTS_CB_OUTPUT  101  udata(d403a778) 24  
[2019/12/13 23:17:50 355] tts        354  udata(d403a778) 24  
[2019/12/13 23:17:50 355] tts        350  TTS_PUREXTTS_CB_OUTPUT  101  udata(d406f888) 24  
[2019/12/13 23:17:50 355] tts        354  udata(d406f888) 24  
[2019/12/13 23:17:50 355] tts        792  TTS_MSG_GETAUDIO  0  
[2019/12/13 23:17:50 355] tts        638  get audio|use purextts  
[2019/12/13 23:17:50 355] tts        649  850  
[2019/12/13 23:17:50 355] tts        653  local audiolen:  850  ,ced:  24  
[2019/12/13 23:17:50 355] tts        671  0  udata(d406f988) 1  52735315  
[2019/12/13 23:17:50 355] tts        350  TTS_PUREXTTS_CB_OUTPUT  101  udata(d406f9d8) 24  
[2019/12/13 23:17:50 355] tts        354  udata(d406f9d8) 24  
[2019/12/13 23:17:50 355] tts        350  TTS_PUREXTTS_CB_OUTPUT  101  udata(d406fad8) 24  
[2019/12/13 23:17:50 355] tts        354  udata(d406fad8) 24  
[2019/12/13 23:17:50 356] tts        792  TTS_MSG_GETAUDIO  0  
[2019/12/13 23:17:50 356] tts        638  get audio|use purextts  
[2019/12/13 23:17:50 356] tts        649  970  
[2019/12/13 23:17:50 356] tts        653  local audiolen:  970  ,ced:  24  
[2019/12/13 23:17:50 356] tts        671  0  udata(d406fbd8) 1  52735315  
[2019/12/13 23:17:50 356] tts        350  TTS_PUREXTTS_CB_OUTPUT  101  udata(d406fc28) 24  
[2019/12/13 23:17:50 356] tts        354  udata(d406fc28) 24  
[2019/12/13 23:17:50 356] tts        792  TTS_MSG_GETAUDIO  0  
[2019/12/13 23:17:50 356] tts        638  get audio|use purextts  
[2019/12/13 23:17:50 356] tts        649  992  
[2019/12/13 23:17:50 356] tts        653  local audiolen:  992  ,ced:  24  
[2019/12/13 23:17:50 356] tts        671  0  udata(d406fd28) 1  52735315  
[2019/12/13 23:17:50 356] tts        350  TTS_PUREXTTS_CB_OUTPUT  101  udata(d406fd78) 24  
[2019/12/13 23:17:50 356] tts        354  udata(d406fd78) 24  
[2019/12/13 23:17:50 356] tts        792  TTS_MSG_GETAUDIO  0  
[2019/12/13 23:17:50 357] tts        638  get audio|use purextts  
[2019/12/13 23:17:50 357] tts        649  1006  
[2019/12/13 23:17:50 357] tts        653  local audiolen:  1006  ,ced:  24  
[2019/12/13 23:17:50 357] tts        671  0  udata(d406fe78) 1  52735316  
[2019/12/13 23:17:50 357] tts        350  TTS_PUREXTTS_CB_OUTPUT  101  udata(d406fec8) 24  
[2019/12/13 23:17:50 357] tts        354  udata(d406fec8) 24  
[2019/12/13 23:17:50 357] tts        350  TTS_PUREXTTS_CB_OUTPUT  101  udata(d406ffc8) 24  
[2019/12/13 23:17:50 357] tts        354  udata(d406ffc8) 24  
[2019/12/13 23:17:50 357] tts        792  TTS_MSG_GETAUDIO  0  
[2019/12/13 23:17:50 357] tts        638  get audio|use purextts  
[2019/12/13 23:17:50 357] tts        649  1008  
[2019/12/13 23:17:50 357] tts        653  local audiolen:  1008  ,ced:  24  
[2019/12/13 23:17:50 357] tts        671  0  udata(d40700c8) 1  52735317  
[2019/12/13 23:17:50 357] tts        350  TTS_PUREXTTS_CB_OUTPUT  101  udata(d4070118) 24  
[2019/12/13 23:17:50 357] tts        354  udata(d4070118) 24  
[2019/12/13 23:17:50 357] tts        340  0  0  
[2019/12/13 23:17:50 357] tts        347  TTS_PUREXTTS_CB_END,  2  
[2019/12/13 23:17:50 358] tts        792  TTS_MSG_GETAUDIO  0  
[2019/12/13 23:17:50 358] tts        638  get audio|use purextts  
[2019/12/13 23:17:50 358] tts        649  976  
[2019/12/13 23:17:50 358] tts        653  local audiolen:  976  ,ced:  24  
[2019/12/13 23:17:50 358] tts        671  0  udata(d40703b8) 1  52735317  
[2019/12/13 23:17:50 358] tts        792  TTS_MSG_GETAUDIO  0  
[2019/12/13 23:17:50 358] tts        638  get audio|use purextts  
[2019/12/13 23:17:50 358] tts        649  922  
[2019/12/13 23:17:50 358] tts        653  local audiolen:  922  ,ced:  24  
[2019/12/13 23:17:50 358] tts        671  0  udata(d4070408) 1  52735317  
[2019/12/13 23:17:50 358] tts        792  TTS_MSG_GETAUDIO  0  
[2019/12/13 23:17:50 358] tts        638  get audio|use purextts  
[2019/12/13 23:17:50 358] tts        649  988  
[2019/12/13 23:17:50 358] tts        653  local audiolen:  988  ,ced:  24  
[2019/12/13 23:17:50 358] tts        671  0  udata(d4070458) 1  52735317  
[2019/12/13 23:17:50 358] tts        792  TTS_MSG_GETAUDIO  0  
[2019/12/13 23:17:50 358] tts        638  get audio|use purextts  
[2019/12/13 23:17:50 358] tts        649  960  
[2019/12/13 23:17:50 358] tts        653  local audiolen:  960  ,ced:  24  
[2019/12/13 23:17:50 358] tts        671  0  udata(d40704a8) 1  52735318  
[2019/12/13 23:17:50 358] tts        792  TTS_MSG_GETAUDIO  0  
[2019/12/13 23:17:50 358] tts        638  get audio|use purextts  
[2019/12/13 23:17:50 358] tts        649  1024  
[2019/12/13 23:17:50 358] tts        653  local audiolen:  1024  ,ced:  24  
[2019/12/13 23:17:50 358] tts        671  0  udata(d40704f8) 1  52735318  
[2019/12/13 23:17:50 359] tts        792  TTS_MSG_GETAUDIO  0  
[2019/12/13 23:17:50 359] tts        638  get audio|use purextts  
[2019/12/13 23:17:50 359] tts        649  9600  
[2019/12/13 23:17:50 359] tts        653  local audiolen:  9600  ,ced:  24  
[2019/12/13 23:17:50 359] tts        671  0  udata(d4006028) 2  52735318  
[2019/12/13 23:17:50 359] tts        795  TTS_MSG_SSE  
[2019/12/13 23:17:50 359] tts        742  sse|use local  
[2019/12/13 23:17:50 359] tts        761  audio_id=  7  
[2019/12/13 23:17:50 359] tts        764  tts exit  
