============================================================
Time  2019/12/13 21:52:48 516 
============================================================
[2019/12/13 21:52:48 516] lgi        684  SYS_MSG_LOAD  
[2019/12/13 21:52:48 518] lgi        706  SYS_MSG_REGCB  msp_status_cb  func(f4013750) 
[2019/12/13 21:52:48 518] lgi        298  LGI_MSG_INIT  
[2019/12/13 21:52:48 519] lgi        305  lgi  lgi_  268436457  1573451739  
[2019/12/13 21:52:48 519] lgi        347  work_dir  .  
[2019/12/13 21:52:48 519] lgi        403  token:  nil  
[2019/12/13 21:52:48 519] lgi        476  msc cver : 5.0.44.1288  
[2019/12/13 21:52:48 570] lgi        519  ns_enable=  1  
[2019/12/13 21:52:48 571] lgi        531  prot_ver=1  
[2019/12/13 21:52:48 571] lgi        542  prot_type=tcp  
[2019/12/13 21:52:48 572] lgi        693  SYS_MSG_UNLOAD  go bg!  
[2019/12/13 21:52:54 341] lgi        697  SYS_MSG_SHUTDOWN  
============================================================
Time  2019/12/13 23:15:45 623 
============================================================
[2019/12/13 23:15:45 623] lgi        684  SYS_MSG_LOAD  
[2019/12/13 23:15:45 623] lgi        706  SYS_MSG_REGCB  msp_status_cb  func(cc013960) 
[2019/12/13 23:15:45 623] lgi        298  LGI_MSG_INIT  
[2019/12/13 23:15:45 623] lgi        305  lgi  lgi_  268436457  1573451739  
[2019/12/13 23:15:45 623] lgi        347  work_dir  .  
[2019/12/13 23:15:45 623] lgi        403  token:  nil  
[2019/12/13 23:15:45 623] lgi        476  msc cver : 5.0.44.1288  
[2019/12/13 23:15:45 623] lgi        519  ns_enable=  1  
[2019/12/13 23:15:45 623] lgi        531  prot_ver=1  
[2019/12/13 23:15:45 623] lgi        542  prot_type=tcp  
[2019/12/13 23:15:45 624] lgi        693  SYS_MSG_UNLOAD  go bg!  
============================================================
Time  2019/12/14 10:35:13 106 
============================================================
[2019/12/14 10:35:13 106] lgi        684  SYS_MSG_LOAD  
[2019/12/14 10:35:13 110] lgi        706  SYS_MSG_REGCB  msp_status_cb  func(e8013750) 
[2019/12/14 10:35:13 111] lgi        298  LGI_MSG_INIT  
[2019/12/14 10:35:13 111] lgi        305  lgi  lgi_  268436457  1573451739  
[2019/12/14 10:35:13 111] lgi        347  work_dir  .  
[2019/12/14 10:35:13 111] lgi        403  token:  nil  
[2019/12/14 10:35:13 111] lgi        476  msc cver : 5.0.44.1288  
[2019/12/14 10:35:13 112] lgi        519  ns_enable=  1  
[2019/12/14 10:35:13 112] lgi        531  prot_ver=1  
[2019/12/14 10:35:13 112] lgi        542  prot_type=tcp  
[2019/12/14 10:35:13 112] lgi        693  SYS_MSG_UNLOAD  go bg!  
